-e [1;33m--------------------------------------------------------
-e [1;33m--------------------------------------------------------
-e                 Building MadAnalysis Job                
-e                       Compilation                       
c++ -Wall -O3 -fPIC -I/home/jhkim/MAschool2020/madanalysis5/tools/ -I./ -pthread -std=c++11 -m64 -I/home/jhkim/root/include -o Main/main.o -c Main/main.cpp
-e --------------------------------------------------------[0;39m
-e --------------------------------------------------------[0;39m
c++ -Wall -O3 -fPIC -I/home/jhkim/MAschool2020/madanalysis5/tools/ -I./ -pthread -std=c++11 -m64 -I/home/jhkim/root/include -o SampleAnalyzer/User/Analyzer/cms_sus_14_001_monojet.o -c SampleAnalyzer/User/Analyzer/cms_sus_14_001_monojet.cpp
c++ -Wall -O3 -fPIC -I/home/jhkim/MAschool2020/madanalysis5/tools/ -I./ -pthread -std=c++11 -m64 -I/home/jhkim/root/include -o SampleAnalyzer/User/Analyzer/cms_sus_13_012.o -c SampleAnalyzer/User/Analyzer/cms_sus_13_012.cpp
c++ -Wall -O3 -fPIC -I/home/jhkim/MAschool2020/madanalysis5/tools/ -I./ -pthread -std=c++11 -m64 -I/home/jhkim/root/include -o SampleAnalyzer/User/Analyzer/cms_sus_13_016.o -c SampleAnalyzer/User/Analyzer/cms_sus_13_016.cpp
c++ -Wall -O3 -fPIC -I/home/jhkim/MAschool2020/madanalysis5/tools/ -I./ -pthread -std=c++11 -m64 -I/home/jhkim/root/include -o SampleAnalyzer/User/Analyzer/atlas_higg_2013_03.o -c SampleAnalyzer/User/Analyzer/atlas_higg_2013_03.cpp
c++ -Wall -O3 -fPIC -I/home/jhkim/MAschool2020/madanalysis5/tools/ -I./ -pthread -std=c++11 -m64 -I/home/jhkim/root/include -o SampleAnalyzer/User/Analyzer/atlas_susy_2013_11.o -c SampleAnalyzer/User/Analyzer/atlas_susy_2013_11.cpp
c++ -Wall -O3 -fPIC -I/home/jhkim/MAschool2020/madanalysis5/tools/ -I./ -pthread -std=c++11 -m64 -I/home/jhkim/root/include -o SampleAnalyzer/User/Analyzer/atlas_susy_2013_02.o -c SampleAnalyzer/User/Analyzer/atlas_susy_2013_02.cpp
c++ -Wall -O3 -fPIC -I/home/jhkim/MAschool2020/madanalysis5/tools/ -I./ -pthread -std=c++11 -m64 -I/home/jhkim/root/include -o SampleAnalyzer/User/Analyzer/atlas_susy_2014_10.o -c SampleAnalyzer/User/Analyzer/atlas_susy_2014_10.cpp
SampleAnalyzer/User/Analyzer/cms_sus_13_012.cpp: In member function ‘virtual bool MA5::cms_sus_13_012::Execute(MA5::SampleFormat&, const MA5::EventFormat&)’:
SampleAnalyzer/User/Analyzer/cms_sus_13_012.cpp:380:12: warning: unused variable ‘MET’ [-Wunused-variable]
     double MET = pTmiss.Pt();
            ^~~
SampleAnalyzer/User/Analyzer/atlas_susy_2013_02.cpp: In member function ‘virtual bool MA5::atlas_susy_2013_02::Execute(MA5::SampleFormat&, const MA5::EventFormat&)’:
SampleAnalyzer/User/Analyzer/atlas_susy_2013_02.cpp:445:12: warning: variable ‘meteff1J’ set but not used [-Wunused-but-set-variable]
     double meteff1J = 0.0 ;
            ^~~~~~~~
SampleAnalyzer/User/Analyzer/atlas_susy_2013_02.cpp:446:12: warning: variable ‘meteff2J’ set but not used [-Wunused-but-set-variable]
     double meteff2J = 0.0 ;
            ^~~~~~~~
SampleAnalyzer/User/Analyzer/cms_sus_13_012.cpp:493:1: warning: control reaches end of non-void function [-Wreturn-type]
 }
 ^
c++ -Wall -O3 -fPIC -I/home/jhkim/MAschool2020/madanalysis5/tools/ -I./ -pthread -std=c++11 -m64 -I/home/jhkim/root/include -o SampleAnalyzer/User/Analyzer/cms_sus_14_001_toptag.o -c SampleAnalyzer/User/Analyzer/cms_sus_14_001_toptag.cpp
c++ -Wall -O3 -fPIC -I/home/jhkim/MAschool2020/madanalysis5/tools/ -I./ -pthread -std=c++11 -m64 -I/home/jhkim/root/include -o SampleAnalyzer/User/Analyzer/atlas_susy_2013_21.o -c SampleAnalyzer/User/Analyzer/atlas_susy_2013_21.cpp
c++ -Wall -O3 -fPIC -I/home/jhkim/MAschool2020/madanalysis5/tools/ -I./ -pthread -std=c++11 -m64 -I/home/jhkim/root/include -o SampleAnalyzer/User/Analyzer/atlas_susy_2013_04.o -c SampleAnalyzer/User/Analyzer/atlas_susy_2013_04.cpp
c++ -Wall -O3 -fPIC -I/home/jhkim/MAschool2020/madanalysis5/tools/ -I./ -pthread -std=c++11 -m64 -I/home/jhkim/root/include -o SampleAnalyzer/User/Analyzer/atlas_susy_2013_05.o -c SampleAnalyzer/User/Analyzer/atlas_susy_2013_05.cpp
c++ -Wall -O3 -fPIC -I/home/jhkim/MAschool2020/madanalysis5/tools/ -I./ -pthread -std=c++11 -m64 -I/home/jhkim/root/include -o SampleAnalyzer/User/Analyzer/cms_sus_13_011.o -c SampleAnalyzer/User/Analyzer/cms_sus_13_011.cpp
SampleAnalyzer/User/Analyzer/cms_sus_14_001_toptag.cpp: In member function ‘virtual bool MA5::cms_sus_14_001_toptag::Execute(MA5::SampleFormat&, const MA5::EventFormat&)’:
SampleAnalyzer/User/Analyzer/cms_sus_14_001_toptag.cpp:441:23: warning: variable ‘BSeed_3Jet’ set but not used [-Wunused-but-set-variable]
   const RecJetFormat* BSeed_3Jet;
                       ^~~~~~~~~~
-e [1;33m--------------------------------------------------------
-e                         Linking                         
-e --------------------------------------------------------[0;39m
SampleAnalyzer/User/Analyzer/atlas_susy_2013_21.cpp: In member function ‘virtual bool MA5::atlas_susy_2013_21::Execute(MA5::SampleFormat&, const MA5::EventFormat&)’:
SampleAnalyzer/User/Analyzer/atlas_susy_2013_21.cpp:318:12: warning: unused variable ‘MET_old’ [-Wunused-variable]
     double MET_old = pTmiss.Pt();
            ^~~~~~~
c++ Main/main.o SampleAnalyzer/User/Analyzer/cms_sus_14_001_monojet.o SampleAnalyzer/User/Analyzer/cms_sus_13_012.o SampleAnalyzer/User/Analyzer/cms_sus_13_016.o SampleAnalyzer/User/Analyzer/atlas_higg_2013_03.o SampleAnalyzer/User/Analyzer/atlas_susy_2013_11.o SampleAnalyzer/User/Analyzer/atlas_susy_2013_02.o SampleAnalyzer/User/Analyzer/atlas_susy_2014_10.o SampleAnalyzer/User/Analyzer/cms_sus_14_001_toptag.o SampleAnalyzer/User/Analyzer/atlas_susy_2013_21.o SampleAnalyzer/User/Analyzer/atlas_susy_2013_04.o SampleAnalyzer/User/Analyzer/atlas_susy_2013_05.o SampleAnalyzer/User/Analyzer/cms_sus_13_011.o  -L/home/jhkim/MAschool2020/madanalysis5/tools/SampleAnalyzer/Lib -L/home/jhkim/MAschool2020/madanalysis5/tools/SampleAnalyzer/ExternalSymLink/Lib -lprocess_for_ma5 -lprocess_for_ma5 -L/home/jhkim/root/lib -lCore -lImt -lRIO -lNet -lHist -lGraf -lGraf3d -lGpad -lTree -lTreePlayer -lRint -lPostscript -lMatrix -lPhysics -lMathCore -lThread -lMultiProc -pthread -lm -ldl -rdynamic -lEG -lcommons_for_ma5 -lMinuit -o ./MadAnalysis5job
