[1;33m--------------------------------------------------------
[1;33m--------------------------------------------------------
                Building MadAnalysis Job                
c++ -Wall -O3 -fPIC -I/workspace/madanalysis5/tools/ -I./ -pthread -std=c++11 -m64 -I/root/root/include -o Main/main.o -c Main/main.cpp
                      Compilation                       
--------------------------------------------------------[0;39m
c++ -Wall -O3 -fPIC -I/workspace/madanalysis5/tools/ -I./ -pthread -std=c++11 -m64 -I/root/root/include -o SampleAnalyzer/User/Analyzer/cms_exo_12_047.o -c SampleAnalyzer/User/Analyzer/cms_exo_12_047.cpp
--------------------------------------------------------[0;39m
c++ -Wall -O3 -fPIC -I/workspace/madanalysis5/tools/ -I./ -pthread -std=c++11 -m64 -I/root/root/include -o SampleAnalyzer/User/Analyzer/atlas_exot_2016_25.o -c SampleAnalyzer/User/Analyzer/atlas_exot_2016_25.cpp
c++ -Wall -O3 -fPIC -I/workspace/madanalysis5/tools/ -I./ -pthread -std=c++11 -m64 -I/root/root/include -o SampleAnalyzer/User/Analyzer/cms_b2g_14_004.o -c SampleAnalyzer/User/Analyzer/cms_b2g_14_004.cpp
c++ -Wall -O3 -fPIC -I/workspace/madanalysis5/tools/ -I./ -pthread -std=c++11 -m64 -I/root/root/include -o SampleAnalyzer/User/Analyzer/atlas_susy_2018_06.o -c SampleAnalyzer/User/Analyzer/atlas_susy_2018_06.cpp
c++ -Wall -O3 -fPIC -I/workspace/madanalysis5/tools/ -I./ -pthread -std=c++11 -m64 -I/root/root/include -o SampleAnalyzer/User/Analyzer/cms_sus_16_039.o -c SampleAnalyzer/User/Analyzer/cms_sus_16_039.cpp
c++ -Wall -O3 -fPIC -I/workspace/madanalysis5/tools/ -I./ -pthread -std=c++11 -m64 -I/root/root/include -o SampleAnalyzer/User/Analyzer/atlas_exot_2014_06.o -c SampleAnalyzer/User/Analyzer/atlas_exot_2014_06.cpp
c++ -Wall -O3 -fPIC -I/workspace/madanalysis5/tools/ -I./ -pthread -std=c++11 -m64 -I/root/root/include -o SampleAnalyzer/User/Analyzer/cms_exo_12_048.o -c SampleAnalyzer/User/Analyzer/cms_exo_12_048.cpp
c++ -Wall -O3 -fPIC -I/workspace/madanalysis5/tools/ -I./ -pthread -std=c++11 -m64 -I/root/root/include -o SampleAnalyzer/User/Analyzer/atlas_conf_2019_040.o -c SampleAnalyzer/User/Analyzer/atlas_conf_2019_040.cpp
c++ -Wall -O3 -fPIC -I/workspace/madanalysis5/tools/ -I./ -pthread -std=c++11 -m64 -I/root/root/include -o SampleAnalyzer/User/Analyzer/cms_sus_16_052.o -c SampleAnalyzer/User/Analyzer/cms_sus_16_052.cpp
c++ -Wall -O3 -fPIC -I/workspace/madanalysis5/tools/ -I./ -pthread -std=c++11 -m64 -I/root/root/include -o SampleAnalyzer/User/Analyzer/atlas_susy_2016_07.o -c SampleAnalyzer/User/Analyzer/atlas_susy_2016_07.cpp
c++ -Wall -O3 -fPIC -I/workspace/madanalysis5/tools/ -I./ -pthread -std=c++11 -m64 -I/root/root/include -o SampleAnalyzer/User/Analyzer/atlas_exot_2016_27.o -c SampleAnalyzer/User/Analyzer/atlas_exot_2016_27.cpp
c++ -Wall -O3 -fPIC -I/workspace/madanalysis5/tools/ -I./ -pthread -std=c++11 -m64 -I/root/root/include -o SampleAnalyzer/User/Analyzer/atlas_conf_2016_086.o -c SampleAnalyzer/User/Analyzer/atlas_conf_2016_086.cpp
c++ -Wall -O3 -fPIC -I/workspace/madanalysis5/tools/ -I./ -pthread -std=c++11 -m64 -I/root/root/include -o SampleAnalyzer/User/Analyzer/cms_top_18_003.o -c SampleAnalyzer/User/Analyzer/cms_top_18_003.cpp
c++ -Wall -O3 -fPIC -I/workspace/madanalysis5/tools/ -I./ -pthread -std=c++11 -m64 -I/root/root/include -o SampleAnalyzer/User/Analyzer/cms_sus_16_033.o -c SampleAnalyzer/User/Analyzer/cms_sus_16_033.cpp
SampleAnalyzer/User/Analyzer/atlas_conf_2016_086.cpp: In member function ‘virtual bool MA5::atlas_conf_2016_086::Execute(MA5::SampleFormat&, const MA5::EventFormat&)’:
SampleAnalyzer/User/Analyzer/atlas_conf_2016_086.cpp:156:28: warning: comparison between signed and unsigned integer expressions [-Wsign-compare]
   for (unsigned int i=0; i<nj; i++)
                            ^
SampleAnalyzer/User/Analyzer/atlas_conf_2016_086.cpp:157:32: warning: comparison between signed and unsigned integer expressions [-Wsign-compare]
     for (unsigned int j=i+1; j<nj; j++)
                                ^
c++ -Wall -O3 -fPIC -I/workspace/madanalysis5/tools/ -I./ -pthread -std=c++11 -m64 -I/root/root/include -o SampleAnalyzer/User/Analyzer/cms_exo_16_012.o -c SampleAnalyzer/User/Analyzer/cms_exo_16_012.cpp
c++ -Wall -O3 -fPIC -I/workspace/madanalysis5/tools/ -I./ -pthread -std=c++11 -m64 -I/root/root/include -o SampleAnalyzer/User/Analyzer/atlas_susy_2015_06.o -c SampleAnalyzer/User/Analyzer/atlas_susy_2015_06.cpp
c++ -Wall -O3 -fPIC -I/workspace/madanalysis5/tools/ -I./ -pthread -std=c++11 -m64 -I/root/root/include -o SampleAnalyzer/User/Analyzer/atlas_exot_2018_30.o -c SampleAnalyzer/User/Analyzer/atlas_exot_2018_30.cpp
c++ -Wall -O3 -fPIC -I/workspace/madanalysis5/tools/ -I./ -pthread -std=c++11 -m64 -I/root/root/include -o SampleAnalyzer/User/Analyzer/cms_exo_16_022.o -c SampleAnalyzer/User/Analyzer/cms_exo_16_022.cpp
c++ -Wall -O3 -fPIC -I/workspace/madanalysis5/tools/ -I./ -pthread -std=c++11 -m64 -I/root/root/include -o SampleAnalyzer/User/Analyzer/cms_b2g_12_012.o -c SampleAnalyzer/User/Analyzer/cms_b2g_12_012.cpp
c++ -Wall -O3 -fPIC -I/workspace/madanalysis5/tools/ -I./ -pthread -std=c++11 -m64 -I/root/root/include -o SampleAnalyzer/User/Analyzer/cms_sus_17_001.o -c SampleAnalyzer/User/Analyzer/cms_sus_17_001.cpp
c++ -Wall -O3 -fPIC -I/workspace/madanalysis5/tools/ -I./ -pthread -std=c++11 -m64 -I/root/root/include -o SampleAnalyzer/User/Analyzer/cms_exo_16_010.o -c SampleAnalyzer/User/Analyzer/cms_exo_16_010.cpp
c++ -Wall -O3 -fPIC -I/workspace/madanalysis5/tools/ -I./ -pthread -std=c++11 -m64 -I/root/root/include -o SampleAnalyzer/User/Analyzer/atlas_susy_2019_08.o -c SampleAnalyzer/User/Analyzer/atlas_susy_2019_08.cpp
SampleAnalyzer/User/Analyzer/cms_sus_17_001.cpp: In member function ‘virtual bool MA5::cms_sus_17_001::Execute(MA5::SampleFormat&, const MA5::EventFormat&)’:
SampleAnalyzer/User/Analyzer/cms_sus_17_001.cpp:206:37: warning: comparison between signed and unsigned integer expressions [-Wsign-compare]
       for(int i=0;i<SignalJets.size();i++)
                                     ^
SampleAnalyzer/User/Analyzer/cms_sus_17_001.cpp:210:38: warning: comparison between signed and unsigned integer expressions [-Wsign-compare]
       for(int i=0;i<SignalMuons.size();i++)
                                      ^
SampleAnalyzer/User/Analyzer/cms_sus_17_001.cpp:214:42: warning: comparison between signed and unsigned integer expressions [-Wsign-compare]
       for(int i=0;i<SignalElectrons.size();i++)
                                          ^
SampleAnalyzer/User/Analyzer/atlas_susy_2019_08.cpp: In member function ‘virtual bool MA5::atlas_susy_2019_08::Initialize(const MA5::Configuration&, const std::map<std::basic_string<char>, std::basic_string<char> >&)’:
SampleAnalyzer/User/Analyzer/atlas_susy_2019_08.cpp:268:15: warning: unused variable ‘LMexcl’ [-Wunused-variable]
   std::string LMexcl[]={"LMlowCT","LMmedCT","LMhighCT"};
               ^
SampleAnalyzer/User/Analyzer/atlas_susy_2019_08.cpp:271:15: warning: unused variable ‘MMexcl’ [-Wunused-variable]
   std::string MMexcl[]={"MMlowCT","MMmedCT","MMhighCT"};
               ^
SampleAnalyzer/User/Analyzer/atlas_susy_2019_08.cpp:274:15: warning: unused variable ‘HMexcl’ [-Wunused-variable]
   std::string HMexcl[]={"HMlowCT","HMmedCT","HMhighCT"};
               ^
c++ -Wall -O3 -fPIC -I/workspace/madanalysis5/tools/ -I./ -pthread -std=c++11 -m64 -I/root/root/include -o SampleAnalyzer/User/Analyzer/cms_top_17_009.o -c SampleAnalyzer/User/Analyzer/cms_top_17_009.cpp
c++ -Wall -O3 -fPIC -I/workspace/madanalysis5/tools/ -I./ -pthread -std=c++11 -m64 -I/root/root/include -o SampleAnalyzer/User/Analyzer/cms_b2g_12_022.o -c SampleAnalyzer/User/Analyzer/cms_b2g_12_022.cpp
c++ -Wall -O3 -fPIC -I/workspace/madanalysis5/tools/ -I./ -pthread -std=c++11 -m64 -I/root/root/include -o SampleAnalyzer/User/Analyzer/atlas_exot_2016_32.o -c SampleAnalyzer/User/Analyzer/atlas_exot_2016_32.cpp
c++ -Wall -O3 -fPIC -I/workspace/madanalysis5/tools/ -I./ -pthread -std=c++11 -m64 -I/root/root/include -o SampleAnalyzer/User/Analyzer/cms_sus_16_048.o -c SampleAnalyzer/User/Analyzer/cms_sus_16_048.cpp
c++ -Wall -O3 -fPIC -I/workspace/madanalysis5/tools/ -I./ -pthread -std=c++11 -m64 -I/root/root/include -o SampleAnalyzer/User/Analyzer/atlas_susy_2018_031.o -c SampleAnalyzer/User/Analyzer/atlas_susy_2018_031.cpp
c++ -Wall -O3 -fPIC -I/workspace/madanalysis5/tools/ -I./ -pthread -std=c++11 -m64 -I/root/root/include -o SampleAnalyzer/User/Analyzer/atlas_exot_2015_03.o -c SampleAnalyzer/User/Analyzer/atlas_exot_2015_03.cpp
[1;33m--------------------------------------------------------
                        Linking                         
--------------------------------------------------------[0;39m
c++ Main/main.o SampleAnalyzer/User/Analyzer/cms_exo_12_047.o SampleAnalyzer/User/Analyzer/atlas_exot_2016_25.o SampleAnalyzer/User/Analyzer/cms_b2g_14_004.o SampleAnalyzer/User/Analyzer/atlas_susy_2018_06.o SampleAnalyzer/User/Analyzer/cms_sus_16_039.o SampleAnalyzer/User/Analyzer/atlas_exot_2014_06.o SampleAnalyzer/User/Analyzer/cms_exo_12_048.o SampleAnalyzer/User/Analyzer/atlas_conf_2019_040.o SampleAnalyzer/User/Analyzer/cms_sus_16_052.o SampleAnalyzer/User/Analyzer/atlas_susy_2016_07.o SampleAnalyzer/User/Analyzer/atlas_exot_2016_27.o SampleAnalyzer/User/Analyzer/atlas_conf_2016_086.o SampleAnalyzer/User/Analyzer/cms_top_18_003.o SampleAnalyzer/User/Analyzer/cms_sus_16_033.o SampleAnalyzer/User/Analyzer/cms_exo_16_012.o SampleAnalyzer/User/Analyzer/atlas_susy_2015_06.o SampleAnalyzer/User/Analyzer/atlas_exot_2018_30.o SampleAnalyzer/User/Analyzer/cms_exo_16_022.o SampleAnalyzer/User/Analyzer/cms_b2g_12_012.o SampleAnalyzer/User/Analyzer/cms_sus_17_001.o SampleAnalyzer/User/Analyzer/cms_exo_16_010.o SampleAnalyzer/User/Analyzer/atlas_susy_2019_08.o SampleAnalyzer/User/Analyzer/cms_top_17_009.o SampleAnalyzer/User/Analyzer/cms_b2g_12_022.o SampleAnalyzer/User/Analyzer/atlas_exot_2016_32.o SampleAnalyzer/User/Analyzer/cms_sus_16_048.o SampleAnalyzer/User/Analyzer/atlas_susy_2018_031.o SampleAnalyzer/User/Analyzer/atlas_exot_2015_03.o  -L/workspace/madanalysis5/tools/SampleAnalyzer/Lib -L/workspace/madanalysis5/tools/SampleAnalyzer/ExternalSymLink/Lib -lprocess_for_ma5 -lprocess_for_ma5 -L/root/root/lib -lCore -lImt -lRIO -lNet -lHist -lGraf -lGraf3d -lGpad -lROOTVecOps -lTree -lTreePlayer -lRint -lPostscript -lMatrix -lPhysics -lMathCore -lThread -lMultiProc -lROOTDataFrame -pthread -lm -ldl -rdynamic -lEG -lcommons_for_ma5 -lMinuit -o ./MadAnalysis5job
