c++ -Wall -O3 -fPIC -I/workspace/madanalysis5/tools/ -o DataFormat/PdgTable.o -c DataFormat/PdgTable.cpp
c++ -Wall -O3 -fPIC -I/workspace/madanalysis5/tools/ -o DataFormat/WeightDefinition.o -c DataFormat/WeightDefinition.cpp
c++ -Wall -O3 -fPIC -I/workspace/madanalysis5/tools/ -o DataFormat/WeightCollection.o -c DataFormat/WeightCollection.cpp
c++ -Wall -O3 -fPIC -I/workspace/madanalysis5/tools/ -o DataFormat/PdgDataFormat.o -c DataFormat/PdgDataFormat.cpp
c++ -Wall -O3 -fPIC -I/workspace/madanalysis5/tools/ -o DataFormat/MCEventFormat.o -c DataFormat/MCEventFormat.cpp
c++ -Wall -O3 -fPIC -I/workspace/madanalysis5/tools/ -o Base/Configuration.o -c Base/Configuration.cpp
c++ -Wall -O3 -fPIC -I/workspace/madanalysis5/tools/ -o Base/TestBase.o -c Base/TestBase.cpp
c++ -Wall -O3 -fPIC -I/workspace/madanalysis5/tools/ -o Base/TaggerBase.o -c Base/TaggerBase.cpp
c++ -Wall -O3 -fPIC -I/workspace/madanalysis5/tools/ -o Vector/MALorentzVector.o -c Vector/MALorentzVector.cpp
c++ -Wall -O3 -fPIC -I/workspace/madanalysis5/tools/ -o Vector/MAVector3.o -c Vector/MAVector3.cpp
c++ -Wall -O3 -fPIC -I/workspace/madanalysis5/tools/ -o Vector/MARotation.o -c Vector/MARotation.cpp
c++ -Wall -O3 -fPIC -I/workspace/madanalysis5/tools/ -o Service/LogStream.o -c Service/LogStream.cpp
c++ -Wall -O3 -fPIC -I/workspace/madanalysis5/tools/ -o Service/IsolationBase.o -c Service/IsolationBase.cpp
c++ -Wall -O3 -fPIC -I/workspace/madanalysis5/tools/ -o Service/Isolation.o -c Service/Isolation.cpp
c++ -Wall -O3 -fPIC -I/workspace/madanalysis5/tools/ -o Service/Physics.o -c Service/Physics.cpp
c++ -Wall -O3 -fPIC -I/workspace/madanalysis5/tools/ -o Service/LogReport.o -c Service/LogReport.cpp
c++ -Wall -O3 -fPIC -I/workspace/madanalysis5/tools/ -o Service/DisplayService.o -c Service/DisplayService.cpp
c++ -Wall -O3 -fPIC -I/workspace/madanalysis5/tools/ -o Service/TransverseVariables.o -c Service/TransverseVariables.cpp
c++ -Wall -O3 -fPIC -I/workspace/madanalysis5/tools/ -o Service/ExceptionService.o -c Service/ExceptionService.cpp
c++ -Wall -O3 -fPIC -I/workspace/madanalysis5/tools/ -o Service/LoopService.o -c Service/LoopService.cpp
c++ -Wall -O3 -fPIC -I/workspace/madanalysis5/tools/ -o Service/RandomService.o -c Service/RandomService.cpp
c++ -Wall -O3 -fPIC -I/workspace/madanalysis5/tools/ -o Service/LogService.o -c Service/LogService.cpp
c++ -Wall -O3 -fPIC -I/workspace/madanalysis5/tools/ -o Service/ConvertService.o -c Service/ConvertService.cpp
c++ -Wall -O3 -fPIC -I/workspace/madanalysis5/tools/ -o Service/SortingService.o -c Service/SortingService.cpp
c++ -Wall -O3 -fPIC -I/workspace/madanalysis5/tools/ -o Service/TimeService.o -c Service/TimeService.cpp
c++ -Wall -O3 -fPIC -I/workspace/madanalysis5/tools/ -o Service/PDGService.o -c Service/PDGService.cpp
