c++ -Wall -O3 -fPIC -I/workspace/madanalysis5/tools/ -DROOT_USE -DFASTJET_USE -DZIP_USE -DDELPHES_USE -o Writer/LHCOWriter.o -c Writer/LHCOWriter.cpp
c++ -Wall -O3 -fPIC -I/workspace/madanalysis5/tools/ -DROOT_USE -DFASTJET_USE -DZIP_USE -DDELPHES_USE -o Writer/LHEParticleFormat.o -c Writer/LHEParticleFormat.cpp
c++ -Wall -O3 -fPIC -I/workspace/madanalysis5/tools/ -DROOT_USE -DFASTJET_USE -DZIP_USE -DDELPHES_USE -o Writer/LHCOParticleFormat.o -c Writer/LHCOParticleFormat.cpp
c++ -Wall -O3 -fPIC -I/workspace/madanalysis5/tools/ -DROOT_USE -DFASTJET_USE -DZIP_USE -DDELPHES_USE -o Writer/LHEWriter.o -c Writer/LHEWriter.cpp
c++ -Wall -O3 -fPIC -I/workspace/madanalysis5/tools/ -DROOT_USE -DFASTJET_USE -DZIP_USE -DDELPHES_USE -o Writer/WriterManager.o -c Writer/WriterManager.cpp
c++ -Wall -O3 -fPIC -I/workspace/madanalysis5/tools/ -DROOT_USE -DFASTJET_USE -DZIP_USE -DDELPHES_USE -o Writer/SAFWriter.o -c Writer/SAFWriter.cpp
c++ -Wall -O3 -fPIC -I/workspace/madanalysis5/tools/ -DROOT_USE -DFASTJET_USE -DZIP_USE -DDELPHES_USE -o Writer/WriterTextBase.o -c Writer/WriterTextBase.cpp
c++ -Wall -O3 -fPIC -I/workspace/madanalysis5/tools/ -DROOT_USE -DFASTJET_USE -DZIP_USE -DDELPHES_USE -o Plot/MergingPlotType.o -c Plot/MergingPlotType.cpp
c++ -Wall -O3 -fPIC -I/workspace/madanalysis5/tools/ -DROOT_USE -DFASTJET_USE -DZIP_USE -DDELPHES_USE -o Plot/HistoLogX.o -c Plot/HistoLogX.cpp
c++ -Wall -O3 -fPIC -I/workspace/madanalysis5/tools/ -DROOT_USE -DFASTJET_USE -DZIP_USE -DDELPHES_USE -o Plot/Histo.o -c Plot/Histo.cpp
c++ -Wall -O3 -fPIC -I/workspace/madanalysis5/tools/ -DROOT_USE -DFASTJET_USE -DZIP_USE -DDELPHES_USE -o Plot/PlotManager.o -c Plot/PlotManager.cpp
c++ -Wall -O3 -fPIC -I/workspace/madanalysis5/tools/ -DROOT_USE -DFASTJET_USE -DZIP_USE -DDELPHES_USE -o Core/ProgressBar.o -c Core/ProgressBar.cpp
c++ -Wall -O3 -fPIC -I/workspace/madanalysis5/tools/ -DROOT_USE -DFASTJET_USE -DZIP_USE -DDELPHES_USE -o Core/SampleAnalyzer.o -c Core/SampleAnalyzer.cpp
c++ -Wall -O3 -fPIC -I/workspace/madanalysis5/tools/ -DROOT_USE -DFASTJET_USE -DZIP_USE -DDELPHES_USE -o Core/xdr_istream.o -c Core/xdr_istream.cpp
c++ -Wall -O3 -fPIC -I/workspace/madanalysis5/tools/ -DROOT_USE -DFASTJET_USE -DZIP_USE -DDELPHES_USE -o Detector/DetectorManager.o -c Detector/DetectorManager.cpp
c++ -Wall -O3 -fPIC -I/workspace/madanalysis5/tools/ -DROOT_USE -DFASTJET_USE -DZIP_USE -DDELPHES_USE -o Counter/CounterManager.o -c Counter/CounterManager.cpp
c++ -Wall -O3 -fPIC -I/workspace/madanalysis5/tools/ -DROOT_USE -DFASTJET_USE -DZIP_USE -DDELPHES_USE -o RegionSelection/RegionSelection.o -c RegionSelection/RegionSelection.cpp
c++ -Wall -O3 -fPIC -I/workspace/madanalysis5/tools/ -DROOT_USE -DFASTJET_USE -DZIP_USE -DDELPHES_USE -o RegionSelection/RegionSelectionManager.o -c RegionSelection/RegionSelectionManager.cpp
c++ -Wall -O3 -fPIC -I/workspace/madanalysis5/tools/ -DROOT_USE -DFASTJET_USE -DZIP_USE -DDELPHES_USE -o Analyzer/MergingPlots.o -c Analyzer/MergingPlots.cpp
c++ -Wall -O3 -fPIC -I/workspace/madanalysis5/tools/ -DROOT_USE -DFASTJET_USE -DZIP_USE -DDELPHES_USE -o Analyzer/AnalyzerManager.o -c Analyzer/AnalyzerManager.cpp
c++ -Wall -O3 -fPIC -I/workspace/madanalysis5/tools/ -DROOT_USE -DFASTJET_USE -DZIP_USE -DDELPHES_USE -o Reader/LHEReader.o -c Reader/LHEReader.cpp
c++ -Wall -O3 -fPIC -I/workspace/madanalysis5/tools/ -DROOT_USE -DFASTJET_USE -DZIP_USE -DDELPHES_USE -o Reader/LHCOReader.o -c Reader/LHCOReader.cpp
c++ -Wall -O3 -fPIC -I/workspace/madanalysis5/tools/ -DROOT_USE -DFASTJET_USE -DZIP_USE -DDELPHES_USE -o Reader/STDHEPreader.o -c Reader/STDHEPreader.cpp
c++ -Wall -O3 -fPIC -I/workspace/madanalysis5/tools/ -DROOT_USE -DFASTJET_USE -DZIP_USE -DDELPHES_USE -o Reader/ReaderManager.o -c Reader/ReaderManager.cpp
c++ -Wall -O3 -fPIC -I/workspace/madanalysis5/tools/ -DROOT_USE -DFASTJET_USE -DZIP_USE -DDELPHES_USE -o Reader/ReaderTextBase.o -c Reader/ReaderTextBase.cpp
c++ -Wall -O3 -fPIC -I/workspace/madanalysis5/tools/ -DROOT_USE -DFASTJET_USE -DZIP_USE -DDELPHES_USE -o Reader/HEPMCReader.o -c Reader/HEPMCReader.cpp
c++ -Wall -O3 -fPIC -I/workspace/madanalysis5/tools/ -DROOT_USE -DFASTJET_USE -DZIP_USE -DDELPHES_USE -o JetClustering/cTagger.o -c JetClustering/cTagger.cpp
c++ -Wall -O3 -fPIC -I/workspace/madanalysis5/tools/ -DROOT_USE -DFASTJET_USE -DZIP_USE -DDELPHES_USE -o JetClustering/bTagger.o -c JetClustering/bTagger.cpp
c++ -Wall -O3 -fPIC -I/workspace/madanalysis5/tools/ -DROOT_USE -DFASTJET_USE -DZIP_USE -DDELPHES_USE -o JetClustering/TauTagger.o -c JetClustering/TauTagger.cpp
c++ -Wall -O3 -fPIC -I/workspace/madanalysis5/tools/ -DROOT_USE -DFASTJET_USE -DZIP_USE -DDELPHES_USE -o JetClustering/JetClusterer.o -c JetClustering/JetClusterer.cpp
c++ -Wall -O3 -fPIC -I/workspace/madanalysis5/tools/ -DROOT_USE -DFASTJET_USE -DZIP_USE -DDELPHES_USE -o JetClustering/JetClustererManager.o -c JetClustering/JetClustererManager.cpp
