checking for a BSD-compatible install... /usr/bin/install -c
checking whether build environment is sane... yes
checking for a thread-safe mkdir -p... /bin/mkdir -p
checking for gawk... gawk
checking whether make sets $(MAKE)... yes
checking whether make supports nested variables... yes
checking whether UID '1000' is supported by ustar format... yes
checking whether GID '1000' is supported by ustar format... yes
checking how to create a ustar tar archive... gnutar
checking whether make supports the include directive... yes (GNU style)
checking for gcc... gcc
checking whether the C compiler works... yes
checking for C compiler default output file name... a.out
checking for suffix of executables... 
checking whether we are cross compiling... no
checking for suffix of object files... o
checking whether we are using the GNU C compiler... yes
checking whether gcc accepts -g... yes
checking for gcc option to accept ISO C89... none needed
checking whether gcc understands -c and -o together... yes
checking dependency style of gcc... gcc3
checking how to run the C preprocessor... gcc -E
checking for grep that handles long lines and -e... /bin/grep
checking for egrep... /bin/grep -E
checking for ANSI C header files... yes
checking for sys/types.h... yes
checking for sys/stat.h... yes
checking for stdlib.h... yes
checking for string.h... yes
checking for memory.h... yes
checking for strings.h... yes
checking for inttypes.h... yes
checking for stdint.h... yes
checking for unistd.h... yes
checking for int... yes
checking for long... yes
checking for g++... g++
checking whether we are using the GNU C++ compiler... yes
checking whether g++ accepts -g... yes
checking dependency style of g++... gcc3
checking for g++... yes
checking whether ln -s works... yes
checking for a sed that does not truncate output... /bin/sed
checking whether make sets $(MAKE)... (cached) yes
checking for ANSI C header files... (cached) yes
checking if g++ supports -Woverloaded-virtual flag... yes
checking if g++  -g  -Woverloaded-virtual  -O2 -Wall supports the "[[deprecated]]" keyword... yes
checking if g++  -g  -Woverloaded-virtual  -O2 -Wall supports the "__attribute__((deprecated))" keyword... yes
checking if g++  -g  -Woverloaded-virtual  -O2 -Wall supports the "override" keyword... yes
checking if g++  -g  -Woverloaded-virtual  -O2 -Wall supports the "explicit" keyword for operators... yes
checking execinfo.h usability... yes
checking execinfo.h presence... yes
checking for execinfo.h... yes
checking for cos in -lm... yes
checking if g++ supports -Wl,--enable-new-dtags flag... yes
checking whether to build all plugins... not set
checking whether to build all CXX plugins... not set
checking whether to build plugin SISCone... yes
checking whether to build plugin CDFCones... yes
checking whether to build plugin PxCone... no
checking whether to build plugin D0RunIICone... no
checking whether to build plugin NestedDefs... yes
checking whether to build plugin TrackJet... no
checking whether to build plugin ATLASCone... no
checking whether to build plugin CMSIterativeCone... no
checking whether to build plugin EECambridge... yes
checking whether to build plugin Jade... yes
checking whether to build plugin D0RunICone... no
checking whether to build plugin GridJet... yes
checking build system type... x86_64-pc-linux-gnu
checking host system type... x86_64-pc-linux-gnu
checking how to print strings... printf
checking for a sed that does not truncate output... (cached) /bin/sed
checking for fgrep... /bin/grep -F
checking for ld used by gcc... /usr/bin/ld
checking if the linker (/usr/bin/ld) is GNU ld... yes
checking for BSD- or MS-compatible name lister (nm)... /usr/bin/nm -B
checking the name lister (/usr/bin/nm -B) interface... BSD nm
checking the maximum length of command line arguments... 1572864
checking how to convert x86_64-pc-linux-gnu file names to x86_64-pc-linux-gnu format... func_convert_file_noop
checking how to convert x86_64-pc-linux-gnu file names to toolchain format... func_convert_file_noop
checking for /usr/bin/ld option to reload object files... -r
checking for objdump... objdump
checking how to recognize dependent libraries... pass_all
checking for dlltool... no
checking how to associate runtime and link libraries... printf %s\n
checking for ar... ar
checking for archiver @FILE support... @
checking for strip... strip
checking for ranlib... ranlib
checking command to parse /usr/bin/nm -B output from gcc object... ok
checking for sysroot... no
checking for a working dd... /bin/dd
checking how to truncate binary pipes... /bin/dd bs=4096 count=1
checking for mt... mt
checking if mt is a manifest tool... no
checking for dlfcn.h... yes
checking for objdir... .libs
checking if gcc supports -fno-rtti -fno-exceptions... no
checking for gcc option to produce PIC... -fPIC -DPIC
checking if gcc PIC flag -fPIC -DPIC works... yes
checking if gcc static flag -static works... yes
checking if gcc supports -c -o file.o... yes
checking if gcc supports -c -o file.o... (cached) yes
checking whether the gcc linker (/usr/bin/ld -m elf_x86_64) supports shared libraries... yes
checking whether -lc should be explicitly linked in... no
checking dynamic linker characteristics... GNU/Linux ld.so
checking how to hardcode library paths into programs... immediate
checking whether stripping libraries is possible... yes
checking if libtool supports shared libraries... yes
checking whether to build shared libraries... yes
checking whether to build static libraries... yes
checking how to run the C++ preprocessor... g++ -E
checking for ld used by g++... /usr/bin/ld -m elf_x86_64
checking if the linker (/usr/bin/ld -m elf_x86_64) is GNU ld... yes
checking whether the g++ linker (/usr/bin/ld -m elf_x86_64) supports shared libraries... yes
checking for g++ option to produce PIC... -fPIC -DPIC
checking if g++ PIC flag -fPIC -DPIC works... yes
checking if g++ static flag -static works... yes
checking if g++ supports -c -o file.o... yes
checking if g++ supports -c -o file.o... (cached) yes
checking whether the g++ linker (/usr/bin/ld -m elf_x86_64) supports shared libraries... yes
checking dynamic linker characteristics... (cached) GNU/Linux ld.so
checking how to hardcode library paths into programs... immediate
checking whether to build the python interface... no
checking that generated files are newer than configure... done
configure: creating ./config.status
config.status: creating plugins/Makefile
config.status: creating plugins/SISCone/Makefile
config.status: creating plugins/SISCone/fastjet/Makefile
config.status: creating plugins/CDFCones/Makefile
config.status: creating plugins/CDFCones/fastjet/Makefile
config.status: creating plugins/CDFCones/CDFcode/Makefile
config.status: creating plugins/PxCone/Makefile
config.status: creating plugins/PxCone/fastjet/Makefile
config.status: creating plugins/D0RunIICone/Makefile
config.status: creating plugins/D0RunIICone/fastjet/Makefile
config.status: creating plugins/NestedDefs/Makefile
config.status: creating plugins/NestedDefs/fastjet/Makefile
config.status: creating plugins/TrackJet/Makefile
config.status: creating plugins/TrackJet/fastjet/Makefile
config.status: creating plugins/ATLASCone/Makefile
config.status: creating plugins/ATLASCone/fastjet/Makefile
config.status: creating plugins/CMSIterativeCone/Makefile
config.status: creating plugins/CMSIterativeCone/fastjet/Makefile
config.status: creating plugins/EECambridge/Makefile
config.status: creating plugins/EECambridge/fastjet/Makefile
config.status: creating plugins/Jade/Makefile
config.status: creating plugins/Jade/fastjet/Makefile
config.status: creating plugins/D0RunICone/Makefile
config.status: creating plugins/D0RunICone/fastjet/Makefile
config.status: creating plugins/GridJet/Makefile
config.status: creating plugins/GridJet/fastjet/Makefile
config.status: creating tools/Makefile
config.status: creating tools/fastjet/Makefile
config.status: creating tools/fastjet/tools/Makefile
config.status: creating example/Makefile
config.status: creating example/python/Makefile
config.status: creating example/data/Makefile
config.status: creating example/root/Makefile
config.status: creating doc/Makefile
config.status: creating doc/figs/Makefile
config.status: creating fastjet-config
config.status: creating fortran_wrapper/Makefile
config.status: creating pyinterface/Makefile
config.status: creating Makefile
config.status: creating src/Makefile
config.status: creating include/Makefile
config.status: creating include/fastjet/Makefile
config.status: creating include/fastjet/internal/Makefile
config.status: creating include/fastjet/config_raw.h
config.status: executing include/fastjet/config_auto.h commands
config.status: creating include/fastjet/config_auto.h - prefix FASTJET for include/fastjet/config_raw.h defines
config.status: executing depfiles commands
config.status: executing libtool commands
=== configuring in plugins/SISCone/siscone (/tmp/jhkim/MA5_fastjet/fastjet-3.3.3/plugins/SISCone/siscone)
configure: running /bin/bash ./configure --disable-option-checking '--prefix=/home/jhkim/MAschool2020/madanalysis5/tools/fastjet'  --cache-file=/dev/null --srcdir=.
checking for a BSD-compatible install... /usr/bin/install -c
checking whether build environment is sane... yes
checking for a thread-safe mkdir -p... /bin/mkdir -p
checking for gawk... gawk
checking whether make sets $(MAKE)... yes
checking whether make supports nested variables... yes
checking whether make supports the include directive... yes (GNU style)
checking for gcc... gcc
checking whether the C compiler works... yes
checking for C compiler default output file name... a.out
checking for suffix of executables... 
checking whether we are cross compiling... no
checking for suffix of object files... o
checking whether we are using the GNU C compiler... yes
checking whether gcc accepts -g... yes
checking for gcc option to accept ISO C89... none needed
checking whether gcc understands -c and -o together... yes
checking dependency style of gcc... gcc3
checking how to run the C preprocessor... gcc -E
checking for grep that handles long lines and -e... /bin/grep
checking for egrep... /bin/grep -E
checking for ANSI C header files... yes
checking for sys/types.h... yes
checking for sys/stat.h... yes
checking for stdlib.h... yes
checking for string.h... yes
checking for memory.h... yes
checking for strings.h... yes
checking for inttypes.h... yes
checking for stdint.h... yes
checking for unistd.h... yes
checking for int... yes
checking for long... yes
checking for g++... g++
checking whether we are using the GNU C++ compiler... yes
checking whether g++ accepts -g... yes
checking dependency style of g++... gcc3
checking whether ln -s works... yes
checking whether make sets $(MAKE)... (cached) yes
checking for ANSI C header files... (cached) yes
checking for cos in -lm... yes
checking build system type... x86_64-pc-linux-gnu
checking host system type... x86_64-pc-linux-gnu
checking how to print strings... printf
checking for a sed that does not truncate output... /bin/sed
checking for fgrep... /bin/grep -F
checking for ld used by gcc... /usr/bin/ld
checking if the linker (/usr/bin/ld) is GNU ld... yes
checking for BSD- or MS-compatible name lister (nm)... /usr/bin/nm -B
checking the name lister (/usr/bin/nm -B) interface... BSD nm
checking the maximum length of command line arguments... 1572864
checking how to convert x86_64-pc-linux-gnu file names to x86_64-pc-linux-gnu format... func_convert_file_noop
checking how to convert x86_64-pc-linux-gnu file names to toolchain format... func_convert_file_noop
checking for /usr/bin/ld option to reload object files... -r
checking for objdump... objdump
checking how to recognize dependent libraries... pass_all
checking for dlltool... no
checking how to associate runtime and link libraries... printf %s\n
checking for ar... ar
checking for archiver @FILE support... @
checking for strip... strip
checking for ranlib... ranlib
checking command to parse /usr/bin/nm -B output from gcc object... ok
checking for sysroot... no
checking for a working dd... /bin/dd
checking how to truncate binary pipes... /bin/dd bs=4096 count=1
checking for mt... mt
checking if mt is a manifest tool... no
checking for dlfcn.h... yes
checking for objdir... .libs
checking if gcc supports -fno-rtti -fno-exceptions... no
checking for gcc option to produce PIC... -fPIC -DPIC
checking if gcc PIC flag -fPIC -DPIC works... yes
checking if gcc static flag -static works... yes
checking if gcc supports -c -o file.o... yes
checking if gcc supports -c -o file.o... (cached) yes
checking whether the gcc linker (/usr/bin/ld -m elf_x86_64) supports shared libraries... yes
checking whether -lc should be explicitly linked in... no
checking dynamic linker characteristics... GNU/Linux ld.so
checking how to hardcode library paths into programs... immediate
checking whether stripping libraries is possible... yes
checking if libtool supports shared libraries... yes
checking whether to build shared libraries... yes
checking whether to build static libraries... yes
checking how to run the C++ preprocessor... g++ -E
checking for ld used by g++... /usr/bin/ld -m elf_x86_64
checking if the linker (/usr/bin/ld -m elf_x86_64) is GNU ld... yes
checking whether the g++ linker (/usr/bin/ld -m elf_x86_64) supports shared libraries... yes
checking for g++ option to produce PIC... -fPIC -DPIC
checking if g++ PIC flag -fPIC -DPIC works... yes
checking if g++ static flag -static works... yes
checking if g++ supports -c -o file.o... yes
checking if g++ supports -c -o file.o... (cached) yes
checking whether the g++ linker (/usr/bin/ld -m elf_x86_64) supports shared libraries... yes
checking dynamic linker characteristics... (cached) GNU/Linux ld.so
checking how to hardcode library paths into programs... immediate
checking if g++ -O3 -Wall -ffast-math -g  considers atd::auto_ptr as deprecated... yes
checking if g++ -O3 -Wall -ffast-math -g  -Werror=deprecated-declarations supports atd::unique_ptr... yes
checking that generated files are newer than configure... done
configure: creating ./config.status
config.status: creating Makefile
config.status: creating siscone/Makefile
config.status: creating siscone/spherical/Makefile
config.status: creating examples/Makefile
config.status: creating examples/events/Makefile
config.status: creating siscone/config_raw.h
config.status: executing siscone/config.h commands
config.status: creating siscone/config.h - prefix SISCONE for siscone/config_raw.h defines
config.status: executing depfiles commands
config.status: executing libtool commands
Configuration summary:
----------------------
  Installation directory     /home/jhkim/MAschool2020/madanalysis5/tools/fastjet
  Shared libraries           yes
  Static libraries           yes
  Debug flag                 yes
  CGAL support               no
  Plugins: EECambridge       yes
           Jade              yes
           NestedDefs        yes
           SISCone           yes
           CDFCones          yes
           D0RunICone        no
           D0RunIICone       no
           ATLASCone         no
           CMSIterativeCone  no
           PxCone            no
           TrackJet          no
           GridJet           yes
  Monolithic plugins lib     yes
  Python interface           no
  Swig python generator      no
---------------------------------------------------
        IMPORTANT NOTICE TO FASTJET USERS          
                                                   
 When using the FastJet library, you can retrieve  
 compilation and link flags using fastjet-config.  
 Type 'fastjet-config --help' for more information 
---------------------------------------------------
