Making install in src
make[1]: 디렉터리 '/tmp/jhkim/MA5_fastjet/fastjet-3.3.3/src' 들어감
make[2]: 디렉터리 '/tmp/jhkim/MA5_fastjet/fastjet-3.3.3/src' 들어감
 /bin/mkdir -p '/home/jhkim/MAschool2020/madanalysis5/tools/fastjet/lib'
 /bin/bash ../libtool   --mode=install /usr/bin/install -c   libfastjet.la '/home/jhkim/MAschool2020/madanalysis5/tools/fastjet/lib'
libtool: install: /usr/bin/install -c .libs/libfastjet.so.0.0.0 /home/jhkim/MAschool2020/madanalysis5/tools/fastjet/lib/libfastjet.so.0.0.0
libtool: install: (cd /home/jhkim/MAschool2020/madanalysis5/tools/fastjet/lib && { ln -s -f libfastjet.so.0.0.0 libfastjet.so.0 || { rm -f libfastjet.so.0 && ln -s libfastjet.so.0.0.0 libfastjet.so.0; }; })
libtool: install: (cd /home/jhkim/MAschool2020/madanalysis5/tools/fastjet/lib && { ln -s -f libfastjet.so.0.0.0 libfastjet.so || { rm -f libfastjet.so && ln -s libfastjet.so.0.0.0 libfastjet.so; }; })
libtool: install: /usr/bin/install -c .libs/libfastjet.lai /home/jhkim/MAschool2020/madanalysis5/tools/fastjet/lib/libfastjet.la
libtool: install: /usr/bin/install -c .libs/libfastjet.a /home/jhkim/MAschool2020/madanalysis5/tools/fastjet/lib/libfastjet.a
libtool: install: chmod 644 /home/jhkim/MAschool2020/madanalysis5/tools/fastjet/lib/libfastjet.a
libtool: install: ranlib /home/jhkim/MAschool2020/madanalysis5/tools/fastjet/lib/libfastjet.a
libtool: finish: PATH="/home/jhkim/MAschool2020/madanalysis5/tools/SampleAnalyzer/ExternalSymLink/Bin:/home/jhkim/root/bin:/home/jhkim/MAschool2020/madanalysis5/tools/SampleAnalyzer/ExternalSymLink/Bin:/home/jhkim/root/bin:/home/jhkim/MAschool2020/madanalysis5/tools/SampleAnalyzer/ExternalSymLink/Bin:/home/jhkim/root/bin:/home/jhkim/.local/bin:/home/jhkim/root/bin:/usr/local/sbin:/usr/local/bin:/usr/sbin:/usr/bin:/sbin:/bin:/usr/games:/usr/local/games:/snap/bin::::/sbin" ldconfig -n /home/jhkim/MAschool2020/madanalysis5/tools/fastjet/lib
----------------------------------------------------------------------
Libraries have been installed in:
   /home/jhkim/MAschool2020/madanalysis5/tools/fastjet/lib

If you ever happen to want to link against installed libraries
in a given directory, LIBDIR, you must either use libtool, and
specify the full pathname of the library, or use the '-LLIBDIR'
flag during linking and do at least one of the following:
   - add LIBDIR to the 'LD_LIBRARY_PATH' environment variable
     during execution
   - add LIBDIR to the 'LD_RUN_PATH' environment variable
     during linking
   - use the '-Wl,-rpath -Wl,LIBDIR' linker flag
   - have your system administrator add LIBDIR to '/etc/ld.so.conf'

See any operating system documentation about shared libraries for
more information, such as the ld(1) and ld.so(8) manual pages.
----------------------------------------------------------------------
make[2]: 'install-data-am'을(를) 위해 할 일이 없습니다.
make[2]: 디렉터리 '/tmp/jhkim/MA5_fastjet/fastjet-3.3.3/src' 나감
make[1]: 디렉터리 '/tmp/jhkim/MA5_fastjet/fastjet-3.3.3/src' 나감
Making install in include
make[1]: 디렉터리 '/tmp/jhkim/MA5_fastjet/fastjet-3.3.3/include' 들어감
Making install in .
make[2]: 디렉터리 '/tmp/jhkim/MA5_fastjet/fastjet-3.3.3/include' 들어감
make[3]: 디렉터리 '/tmp/jhkim/MA5_fastjet/fastjet-3.3.3/include' 들어감
make[3]: 'install-exec-am'을(를) 위해 할 일이 없습니다.
make[3]: 'install-data-am'을(를) 위해 할 일이 없습니다.
make[3]: 디렉터리 '/tmp/jhkim/MA5_fastjet/fastjet-3.3.3/include' 나감
make[2]: 디렉터리 '/tmp/jhkim/MA5_fastjet/fastjet-3.3.3/include' 나감
Making install in fastjet
make[2]: 디렉터리 '/tmp/jhkim/MA5_fastjet/fastjet-3.3.3/include/fastjet' 들어감
Making install in internal
make[3]: 디렉터리 '/tmp/jhkim/MA5_fastjet/fastjet-3.3.3/include/fastjet/internal' 들어감
make[4]: 디렉터리 '/tmp/jhkim/MA5_fastjet/fastjet-3.3.3/include/fastjet/internal' 들어감
make[4]: 'install-exec-am'을(를) 위해 할 일이 없습니다.
 /bin/mkdir -p '/home/jhkim/MAschool2020/madanalysis5/tools/fastjet/include/fastjet/internal'
 /usr/bin/install -c -m 644 base.hh ClosestPair2DBase.hh Dnn2piCylinder.hh Dnn4piCylinder.hh DynamicNearestNeighbours.hh numconsts.hh Triangulation.hh BasicRandom.hh ClosestPair2D.hh Dnn3piCylinder.hh DnnPlane.hh LimitedWarning.hh MinHeap.hh SearchTree.hh Voronoi.hh IsBase.hh LazyTiling9.hh LazyTiling9Alt.hh LazyTiling25.hh LazyTiling9SeparateGhosts.hh TilingExtent.hh deprecated.hh '/home/jhkim/MAschool2020/madanalysis5/tools/fastjet/include/fastjet/internal'
make[4]: 디렉터리 '/tmp/jhkim/MA5_fastjet/fastjet-3.3.3/include/fastjet/internal' 나감
make[3]: 디렉터리 '/tmp/jhkim/MA5_fastjet/fastjet-3.3.3/include/fastjet/internal' 나감
make[3]: 디렉터리 '/tmp/jhkim/MA5_fastjet/fastjet-3.3.3/include/fastjet' 들어감
make[4]: 디렉터리 '/tmp/jhkim/MA5_fastjet/fastjet-3.3.3/include/fastjet' 들어감
make[4]: 'install-exec-am'을(를) 위해 할 일이 없습니다.
 /bin/mkdir -p '/home/jhkim/MAschool2020/madanalysis5/tools/fastjet/include/fastjet'
 /usr/bin/install -c -m 644 JetDefinition.hh PseudoJetStructureBase.hh ClusterSequenceStructure.hh PseudoJet.hh ClusterSequence.hh Error.hh RangeDefinition.hh CircularRange.hh version.hh AreaDefinition.hh ActiveAreaSpec.hh GhostedAreaSpec.hh ClusterSequenceAreaBase.hh ClusterSequenceArea.hh ClusterSequenceWithArea.hh ClusterSequenceActiveArea.hh ClusterSequenceActiveAreaExplicitGhosts.hh ClusterSequence1GhostPassiveArea.hh ClusterSequencePassiveArea.hh ClusterSequenceVoronoiArea.hh NNBase.hh NNH.hh NNFJN2Plain.hh NNFJN2Tiled.hh SharedPtr.hh FunctionOfPseudoJet.hh Selector.hh CompositeJetStructure.hh WrappedStructure.hh LimitedWarning.hh RectangularGrid.hh config.h '/home/jhkim/MAschool2020/madanalysis5/tools/fastjet/include/fastjet'
 /bin/mkdir -p '/home/jhkim/MAschool2020/madanalysis5/tools/fastjet/include/fastjet'
 /usr/bin/install -c -m 644 config_auto.h '/home/jhkim/MAschool2020/madanalysis5/tools/fastjet/include/fastjet'
make[4]: 디렉터리 '/tmp/jhkim/MA5_fastjet/fastjet-3.3.3/include/fastjet' 나감
make[3]: 디렉터리 '/tmp/jhkim/MA5_fastjet/fastjet-3.3.3/include/fastjet' 나감
make[2]: 디렉터리 '/tmp/jhkim/MA5_fastjet/fastjet-3.3.3/include/fastjet' 나감
make[1]: 디렉터리 '/tmp/jhkim/MA5_fastjet/fastjet-3.3.3/include' 나감
Making install in plugins
make[1]: 디렉터리 '/tmp/jhkim/MA5_fastjet/fastjet-3.3.3/plugins' 들어감
Making install in SISCone
make[2]: 디렉터리 '/tmp/jhkim/MA5_fastjet/fastjet-3.3.3/plugins/SISCone' 들어감
Making install in siscone
make[3]: 디렉터리 '/tmp/jhkim/MA5_fastjet/fastjet-3.3.3/plugins/SISCone/siscone' 들어감
Making install in siscone
make[4]: 디렉터리 '/tmp/jhkim/MA5_fastjet/fastjet-3.3.3/plugins/SISCone/siscone/siscone' 들어감
Making install in .
make[5]: 디렉터리 '/tmp/jhkim/MA5_fastjet/fastjet-3.3.3/plugins/SISCone/siscone/siscone' 들어감
make[6]: 디렉터리 '/tmp/jhkim/MA5_fastjet/fastjet-3.3.3/plugins/SISCone/siscone/siscone' 들어감
 /bin/mkdir -p '/home/jhkim/MAschool2020/madanalysis5/tools/fastjet/lib'
 /bin/bash ../libtool   --mode=install /usr/bin/install -c   libsiscone.la '/home/jhkim/MAschool2020/madanalysis5/tools/fastjet/lib'
libtool: install: /usr/bin/install -c .libs/libsiscone.so.0.0.0 /home/jhkim/MAschool2020/madanalysis5/tools/fastjet/lib/libsiscone.so.0.0.0
libtool: install: (cd /home/jhkim/MAschool2020/madanalysis5/tools/fastjet/lib && { ln -s -f libsiscone.so.0.0.0 libsiscone.so.0 || { rm -f libsiscone.so.0 && ln -s libsiscone.so.0.0.0 libsiscone.so.0; }; })
libtool: install: (cd /home/jhkim/MAschool2020/madanalysis5/tools/fastjet/lib && { ln -s -f libsiscone.so.0.0.0 libsiscone.so || { rm -f libsiscone.so && ln -s libsiscone.so.0.0.0 libsiscone.so; }; })
libtool: install: /usr/bin/install -c .libs/libsiscone.lai /home/jhkim/MAschool2020/madanalysis5/tools/fastjet/lib/libsiscone.la
libtool: install: /usr/bin/install -c .libs/libsiscone.a /home/jhkim/MAschool2020/madanalysis5/tools/fastjet/lib/libsiscone.a
libtool: install: chmod 644 /home/jhkim/MAschool2020/madanalysis5/tools/fastjet/lib/libsiscone.a
libtool: install: ranlib /home/jhkim/MAschool2020/madanalysis5/tools/fastjet/lib/libsiscone.a
libtool: finish: PATH="/home/jhkim/MAschool2020/madanalysis5/tools/SampleAnalyzer/ExternalSymLink/Bin:/home/jhkim/root/bin:/home/jhkim/MAschool2020/madanalysis5/tools/SampleAnalyzer/ExternalSymLink/Bin:/home/jhkim/root/bin:/home/jhkim/MAschool2020/madanalysis5/tools/SampleAnalyzer/ExternalSymLink/Bin:/home/jhkim/root/bin:/home/jhkim/.local/bin:/home/jhkim/root/bin:/usr/local/sbin:/usr/local/bin:/usr/sbin:/usr/bin:/sbin:/bin:/usr/games:/usr/local/games:/snap/bin::::/sbin" ldconfig -n /home/jhkim/MAschool2020/madanalysis5/tools/fastjet/lib
----------------------------------------------------------------------
Libraries have been installed in:
   /home/jhkim/MAschool2020/madanalysis5/tools/fastjet/lib

If you ever happen to want to link against installed libraries
in a given directory, LIBDIR, you must either use libtool, and
specify the full pathname of the library, or use the '-LLIBDIR'
flag during linking and do at least one of the following:
   - add LIBDIR to the 'LD_LIBRARY_PATH' environment variable
     during execution
   - add LIBDIR to the 'LD_RUN_PATH' environment variable
     during linking
   - use the '-Wl,-rpath -Wl,LIBDIR' linker flag
   - have your system administrator add LIBDIR to '/etc/ld.so.conf'

See any operating system documentation about shared libraries for
more information, such as the ld(1) and ld.so(8) manual pages.
----------------------------------------------------------------------
 /bin/mkdir -p '/home/jhkim/MAschool2020/madanalysis5/tools/fastjet/include/siscone'
 /usr/bin/install -c -m 644 config.h '/home/jhkim/MAschool2020/madanalysis5/tools/fastjet/include/siscone'
 /bin/mkdir -p '/home/jhkim/MAschool2020/madanalysis5/tools/fastjet/include/siscone'
 /usr/bin/install -c -m 644 area.h circulator.h defines.h geom_2d.h hash.h momentum.h protocones.h quadtree.h ranlux.h reference.h siscone_error.h siscone.h split_merge.h vicinity.h '/home/jhkim/MAschool2020/madanalysis5/tools/fastjet/include/siscone'
make[6]: 디렉터리 '/tmp/jhkim/MA5_fastjet/fastjet-3.3.3/plugins/SISCone/siscone/siscone' 나감
make[5]: 디렉터리 '/tmp/jhkim/MA5_fastjet/fastjet-3.3.3/plugins/SISCone/siscone/siscone' 나감
Making install in spherical
make[5]: 디렉터리 '/tmp/jhkim/MA5_fastjet/fastjet-3.3.3/plugins/SISCone/siscone/siscone/spherical' 들어감
make[6]: 디렉터리 '/tmp/jhkim/MA5_fastjet/fastjet-3.3.3/plugins/SISCone/siscone/siscone/spherical' 들어감
 /bin/mkdir -p '/home/jhkim/MAschool2020/madanalysis5/tools/fastjet/lib'
 /bin/bash ../../libtool   --mode=install /usr/bin/install -c   libsiscone_spherical.la '/home/jhkim/MAschool2020/madanalysis5/tools/fastjet/lib'
libtool: warning: relinking 'libsiscone_spherical.la'
libtool: install: (cd /tmp/jhkim/MA5_fastjet/fastjet-3.3.3/plugins/SISCone/siscone/siscone/spherical; /bin/bash "/tmp/jhkim/MA5_fastjet/fastjet-3.3.3/plugins/SISCone/siscone/libtool"  --tag CXX --mode=relink g++ -I./../.. -I../.. -O3 -Wall -ffast-math -g -o libsiscone_spherical.la -rpath /home/jhkim/MAschool2020/madanalysis5/tools/fastjet/lib libsiscone_spherical_la-geom_2d.lo libsiscone_spherical_la-momentum.lo libsiscone_spherical_la-hash.lo libsiscone_spherical_la-vicinity.lo libsiscone_spherical_la-protocones.lo libsiscone_spherical_la-split_merge.lo libsiscone_spherical_la-siscone.lo ../libsiscone.la -lm )
libtool: relink: g++  -fPIC -DPIC -shared -nostdlib /usr/lib/gcc/x86_64-linux-gnu/7/../../../x86_64-linux-gnu/crti.o /usr/lib/gcc/x86_64-linux-gnu/7/crtbeginS.o  .libs/libsiscone_spherical_la-geom_2d.o .libs/libsiscone_spherical_la-momentum.o .libs/libsiscone_spherical_la-hash.o .libs/libsiscone_spherical_la-vicinity.o .libs/libsiscone_spherical_la-protocones.o .libs/libsiscone_spherical_la-split_merge.o .libs/libsiscone_spherical_la-siscone.o   -Wl,-rpath -Wl,/home/jhkim/MAschool2020/madanalysis5/tools/fastjet/lib -L/home/jhkim/MAschool2020/madanalysis5/tools/fastjet/lib -lsiscone -L/usr/lib/gcc/x86_64-linux-gnu/7 -L/usr/lib/gcc/x86_64-linux-gnu/7/../../../x86_64-linux-gnu -L/usr/lib/gcc/x86_64-linux-gnu/7/../../../../lib -L/lib/x86_64-linux-gnu -L/lib/../lib -L/usr/lib/x86_64-linux-gnu -L/usr/lib/../lib -L. -L/usr/lib/gcc/x86_64-linux-gnu/7/../../.. -lstdc++ -lm -lc -lgcc_s /usr/lib/gcc/x86_64-linux-gnu/7/crtfastmath.o /usr/lib/gcc/x86_64-linux-gnu/7/crtendS.o /usr/lib/gcc/x86_64-linux-gnu/7/../../../x86_64-linux-gnu/crtn.o  -O3 -g   -Wl,-soname -Wl,libsiscone_spherical.so.0 -o .libs/libsiscone_spherical.so.0.0.0
libtool: install: /usr/bin/install -c .libs/libsiscone_spherical.so.0.0.0T /home/jhkim/MAschool2020/madanalysis5/tools/fastjet/lib/libsiscone_spherical.so.0.0.0
libtool: install: (cd /home/jhkim/MAschool2020/madanalysis5/tools/fastjet/lib && { ln -s -f libsiscone_spherical.so.0.0.0 libsiscone_spherical.so.0 || { rm -f libsiscone_spherical.so.0 && ln -s libsiscone_spherical.so.0.0.0 libsiscone_spherical.so.0; }; })
libtool: install: (cd /home/jhkim/MAschool2020/madanalysis5/tools/fastjet/lib && { ln -s -f libsiscone_spherical.so.0.0.0 libsiscone_spherical.so || { rm -f libsiscone_spherical.so && ln -s libsiscone_spherical.so.0.0.0 libsiscone_spherical.so; }; })
libtool: install: /usr/bin/install -c .libs/libsiscone_spherical.lai /home/jhkim/MAschool2020/madanalysis5/tools/fastjet/lib/libsiscone_spherical.la
libtool: install: /usr/bin/install -c .libs/libsiscone_spherical.a /home/jhkim/MAschool2020/madanalysis5/tools/fastjet/lib/libsiscone_spherical.a
libtool: install: chmod 644 /home/jhkim/MAschool2020/madanalysis5/tools/fastjet/lib/libsiscone_spherical.a
libtool: install: ranlib /home/jhkim/MAschool2020/madanalysis5/tools/fastjet/lib/libsiscone_spherical.a
libtool: finish: PATH="/home/jhkim/MAschool2020/madanalysis5/tools/SampleAnalyzer/ExternalSymLink/Bin:/home/jhkim/root/bin:/home/jhkim/MAschool2020/madanalysis5/tools/SampleAnalyzer/ExternalSymLink/Bin:/home/jhkim/root/bin:/home/jhkim/MAschool2020/madanalysis5/tools/SampleAnalyzer/ExternalSymLink/Bin:/home/jhkim/root/bin:/home/jhkim/.local/bin:/home/jhkim/root/bin:/usr/local/sbin:/usr/local/bin:/usr/sbin:/usr/bin:/sbin:/bin:/usr/games:/usr/local/games:/snap/bin::::/sbin" ldconfig -n /home/jhkim/MAschool2020/madanalysis5/tools/fastjet/lib
----------------------------------------------------------------------
Libraries have been installed in:
   /home/jhkim/MAschool2020/madanalysis5/tools/fastjet/lib

If you ever happen to want to link against installed libraries
in a given directory, LIBDIR, you must either use libtool, and
specify the full pathname of the library, or use the '-LLIBDIR'
flag during linking and do at least one of the following:
   - add LIBDIR to the 'LD_LIBRARY_PATH' environment variable
     during execution
   - add LIBDIR to the 'LD_RUN_PATH' environment variable
     during linking
   - use the '-Wl,-rpath -Wl,LIBDIR' linker flag
   - have your system administrator add LIBDIR to '/etc/ld.so.conf'

See any operating system documentation about shared libraries for
more information, such as the ld(1) and ld.so(8) manual pages.
----------------------------------------------------------------------
 /bin/mkdir -p '/home/jhkim/MAschool2020/madanalysis5/tools/fastjet/include/siscone/spherical'
 /usr/bin/install -c -m 644 geom_2d.h hash.h momentum.h protocones.h siscone.h split_merge.h vicinity.h '/home/jhkim/MAschool2020/madanalysis5/tools/fastjet/include/siscone/spherical'
make[6]: 디렉터리 '/tmp/jhkim/MA5_fastjet/fastjet-3.3.3/plugins/SISCone/siscone/siscone/spherical' 나감
make[5]: 디렉터리 '/tmp/jhkim/MA5_fastjet/fastjet-3.3.3/plugins/SISCone/siscone/siscone/spherical' 나감
make[4]: 디렉터리 '/tmp/jhkim/MA5_fastjet/fastjet-3.3.3/plugins/SISCone/siscone/siscone' 나감
Making install in examples
make[4]: 디렉터리 '/tmp/jhkim/MA5_fastjet/fastjet-3.3.3/plugins/SISCone/siscone/examples' 들어감
Making install in events
make[5]: 디렉터리 '/tmp/jhkim/MA5_fastjet/fastjet-3.3.3/plugins/SISCone/siscone/examples/events' 들어감
make[6]: 디렉터리 '/tmp/jhkim/MA5_fastjet/fastjet-3.3.3/plugins/SISCone/siscone/examples/events' 들어감
make[6]: 'install-exec-am'을(를) 위해 할 일이 없습니다.
make[6]: 'install-data-am'을(를) 위해 할 일이 없습니다.
make[6]: 디렉터리 '/tmp/jhkim/MA5_fastjet/fastjet-3.3.3/plugins/SISCone/siscone/examples/events' 나감
make[5]: 디렉터리 '/tmp/jhkim/MA5_fastjet/fastjet-3.3.3/plugins/SISCone/siscone/examples/events' 나감
make[5]: 디렉터리 '/tmp/jhkim/MA5_fastjet/fastjet-3.3.3/plugins/SISCone/siscone/examples' 들어감
make[6]: 디렉터리 '/tmp/jhkim/MA5_fastjet/fastjet-3.3.3/plugins/SISCone/siscone/examples' 들어감
make[6]: 'install-exec-am'을(를) 위해 할 일이 없습니다.
make[6]: 'install-data-am'을(를) 위해 할 일이 없습니다.
make[6]: 디렉터리 '/tmp/jhkim/MA5_fastjet/fastjet-3.3.3/plugins/SISCone/siscone/examples' 나감
make[5]: 디렉터리 '/tmp/jhkim/MA5_fastjet/fastjet-3.3.3/plugins/SISCone/siscone/examples' 나감
make[4]: 디렉터리 '/tmp/jhkim/MA5_fastjet/fastjet-3.3.3/plugins/SISCone/siscone/examples' 나감
make[4]: 디렉터리 '/tmp/jhkim/MA5_fastjet/fastjet-3.3.3/plugins/SISCone/siscone' 들어감
make[5]: 디렉터리 '/tmp/jhkim/MA5_fastjet/fastjet-3.3.3/plugins/SISCone/siscone' 들어감
make[5]: 'install-exec-am'을(를) 위해 할 일이 없습니다.
make[5]: 'install-data-am'을(를) 위해 할 일이 없습니다.
make[5]: 디렉터리 '/tmp/jhkim/MA5_fastjet/fastjet-3.3.3/plugins/SISCone/siscone' 나감
make[4]: 디렉터리 '/tmp/jhkim/MA5_fastjet/fastjet-3.3.3/plugins/SISCone/siscone' 나감
make[3]: 디렉터리 '/tmp/jhkim/MA5_fastjet/fastjet-3.3.3/plugins/SISCone/siscone' 나감
Making install in fastjet
make[3]: 디렉터리 '/tmp/jhkim/MA5_fastjet/fastjet-3.3.3/plugins/SISCone/fastjet' 들어감
make[4]: 디렉터리 '/tmp/jhkim/MA5_fastjet/fastjet-3.3.3/plugins/SISCone/fastjet' 들어감
make[4]: 'install-exec-am'을(를) 위해 할 일이 없습니다.
 /bin/mkdir -p '/home/jhkim/MAschool2020/madanalysis5/tools/fastjet/include/fastjet'
 /usr/bin/install -c -m 644 SISConeBasePlugin.hh SISConePlugin.hh SISConeSphericalPlugin.hh '/home/jhkim/MAschool2020/madanalysis5/tools/fastjet/include/fastjet'
make[4]: 디렉터리 '/tmp/jhkim/MA5_fastjet/fastjet-3.3.3/plugins/SISCone/fastjet' 나감
make[3]: 디렉터리 '/tmp/jhkim/MA5_fastjet/fastjet-3.3.3/plugins/SISCone/fastjet' 나감
Making install in .
make[3]: 디렉터리 '/tmp/jhkim/MA5_fastjet/fastjet-3.3.3/plugins/SISCone' 들어감
make[4]: 디렉터리 '/tmp/jhkim/MA5_fastjet/fastjet-3.3.3/plugins/SISCone' 들어감
make[4]: 'install-data-am'을(를) 위해 할 일이 없습니다.
make[4]: 디렉터리 '/tmp/jhkim/MA5_fastjet/fastjet-3.3.3/plugins/SISCone' 나감
make[3]: 디렉터리 '/tmp/jhkim/MA5_fastjet/fastjet-3.3.3/plugins/SISCone' 나감
make[2]: 디렉터리 '/tmp/jhkim/MA5_fastjet/fastjet-3.3.3/plugins/SISCone' 나감
Making install in CDFCones
make[2]: 디렉터리 '/tmp/jhkim/MA5_fastjet/fastjet-3.3.3/plugins/CDFCones' 들어감
Making install in CDFcode
make[3]: 디렉터리 '/tmp/jhkim/MA5_fastjet/fastjet-3.3.3/plugins/CDFCones/CDFcode' 들어감
make[4]: 디렉터리 '/tmp/jhkim/MA5_fastjet/fastjet-3.3.3/plugins/CDFCones/CDFcode' 들어감
make[4]: 'install-exec-am'을(를) 위해 할 일이 없습니다.
make[4]: 'install-data-am'을(를) 위해 할 일이 없습니다.
make[4]: 디렉터리 '/tmp/jhkim/MA5_fastjet/fastjet-3.3.3/plugins/CDFCones/CDFcode' 나감
make[3]: 디렉터리 '/tmp/jhkim/MA5_fastjet/fastjet-3.3.3/plugins/CDFCones/CDFcode' 나감
Making install in fastjet
make[3]: 디렉터리 '/tmp/jhkim/MA5_fastjet/fastjet-3.3.3/plugins/CDFCones/fastjet' 들어감
make[4]: 디렉터리 '/tmp/jhkim/MA5_fastjet/fastjet-3.3.3/plugins/CDFCones/fastjet' 들어감
make[4]: 'install-exec-am'을(를) 위해 할 일이 없습니다.
 /bin/mkdir -p '/home/jhkim/MAschool2020/madanalysis5/tools/fastjet/include/fastjet'
 /usr/bin/install -c -m 644 CDFMidPointPlugin.hh CDFJetCluPlugin.hh '/home/jhkim/MAschool2020/madanalysis5/tools/fastjet/include/fastjet'
make[4]: 디렉터리 '/tmp/jhkim/MA5_fastjet/fastjet-3.3.3/plugins/CDFCones/fastjet' 나감
make[3]: 디렉터리 '/tmp/jhkim/MA5_fastjet/fastjet-3.3.3/plugins/CDFCones/fastjet' 나감
Making install in .
make[3]: 디렉터리 '/tmp/jhkim/MA5_fastjet/fastjet-3.3.3/plugins/CDFCones' 들어감
make[4]: 디렉터리 '/tmp/jhkim/MA5_fastjet/fastjet-3.3.3/plugins/CDFCones' 들어감
make[4]: 'install-data-am'을(를) 위해 할 일이 없습니다.
make[4]: 디렉터리 '/tmp/jhkim/MA5_fastjet/fastjet-3.3.3/plugins/CDFCones' 나감
make[3]: 디렉터리 '/tmp/jhkim/MA5_fastjet/fastjet-3.3.3/plugins/CDFCones' 나감
make[2]: 디렉터리 '/tmp/jhkim/MA5_fastjet/fastjet-3.3.3/plugins/CDFCones' 나감
Making install in NestedDefs
make[2]: 디렉터리 '/tmp/jhkim/MA5_fastjet/fastjet-3.3.3/plugins/NestedDefs' 들어감
Making install in fastjet
make[3]: 디렉터리 '/tmp/jhkim/MA5_fastjet/fastjet-3.3.3/plugins/NestedDefs/fastjet' 들어감
make[4]: 디렉터리 '/tmp/jhkim/MA5_fastjet/fastjet-3.3.3/plugins/NestedDefs/fastjet' 들어감
make[4]: 'install-exec-am'을(를) 위해 할 일이 없습니다.
 /bin/mkdir -p '/home/jhkim/MAschool2020/madanalysis5/tools/fastjet/include/fastjet'
 /usr/bin/install -c -m 644 NestedDefsPlugin.hh '/home/jhkim/MAschool2020/madanalysis5/tools/fastjet/include/fastjet'
make[4]: 디렉터리 '/tmp/jhkim/MA5_fastjet/fastjet-3.3.3/plugins/NestedDefs/fastjet' 나감
make[3]: 디렉터리 '/tmp/jhkim/MA5_fastjet/fastjet-3.3.3/plugins/NestedDefs/fastjet' 나감
Making install in .
make[3]: 디렉터리 '/tmp/jhkim/MA5_fastjet/fastjet-3.3.3/plugins/NestedDefs' 들어감
make[4]: 디렉터리 '/tmp/jhkim/MA5_fastjet/fastjet-3.3.3/plugins/NestedDefs' 들어감
make[4]: 'install-data-am'을(를) 위해 할 일이 없습니다.
make[4]: 디렉터리 '/tmp/jhkim/MA5_fastjet/fastjet-3.3.3/plugins/NestedDefs' 나감
make[3]: 디렉터리 '/tmp/jhkim/MA5_fastjet/fastjet-3.3.3/plugins/NestedDefs' 나감
make[2]: 디렉터리 '/tmp/jhkim/MA5_fastjet/fastjet-3.3.3/plugins/NestedDefs' 나감
Making install in EECambridge
make[2]: 디렉터리 '/tmp/jhkim/MA5_fastjet/fastjet-3.3.3/plugins/EECambridge' 들어감
Making install in fastjet
make[3]: 디렉터리 '/tmp/jhkim/MA5_fastjet/fastjet-3.3.3/plugins/EECambridge/fastjet' 들어감
make[4]: 디렉터리 '/tmp/jhkim/MA5_fastjet/fastjet-3.3.3/plugins/EECambridge/fastjet' 들어감
make[4]: 'install-exec-am'을(를) 위해 할 일이 없습니다.
 /bin/mkdir -p '/home/jhkim/MAschool2020/madanalysis5/tools/fastjet/include/fastjet'
 /usr/bin/install -c -m 644 EECambridgePlugin.hh '/home/jhkim/MAschool2020/madanalysis5/tools/fastjet/include/fastjet'
make[4]: 디렉터리 '/tmp/jhkim/MA5_fastjet/fastjet-3.3.3/plugins/EECambridge/fastjet' 나감
make[3]: 디렉터리 '/tmp/jhkim/MA5_fastjet/fastjet-3.3.3/plugins/EECambridge/fastjet' 나감
Making install in .
make[3]: 디렉터리 '/tmp/jhkim/MA5_fastjet/fastjet-3.3.3/plugins/EECambridge' 들어감
make[4]: 디렉터리 '/tmp/jhkim/MA5_fastjet/fastjet-3.3.3/plugins/EECambridge' 들어감
make[4]: 'install-data-am'을(를) 위해 할 일이 없습니다.
make[4]: 디렉터리 '/tmp/jhkim/MA5_fastjet/fastjet-3.3.3/plugins/EECambridge' 나감
make[3]: 디렉터리 '/tmp/jhkim/MA5_fastjet/fastjet-3.3.3/plugins/EECambridge' 나감
make[2]: 디렉터리 '/tmp/jhkim/MA5_fastjet/fastjet-3.3.3/plugins/EECambridge' 나감
Making install in Jade
make[2]: 디렉터리 '/tmp/jhkim/MA5_fastjet/fastjet-3.3.3/plugins/Jade' 들어감
Making install in fastjet
make[3]: 디렉터리 '/tmp/jhkim/MA5_fastjet/fastjet-3.3.3/plugins/Jade/fastjet' 들어감
make[4]: 디렉터리 '/tmp/jhkim/MA5_fastjet/fastjet-3.3.3/plugins/Jade/fastjet' 들어감
make[4]: 'install-exec-am'을(를) 위해 할 일이 없습니다.
 /bin/mkdir -p '/home/jhkim/MAschool2020/madanalysis5/tools/fastjet/include/fastjet'
 /usr/bin/install -c -m 644 JadePlugin.hh '/home/jhkim/MAschool2020/madanalysis5/tools/fastjet/include/fastjet'
make[4]: 디렉터리 '/tmp/jhkim/MA5_fastjet/fastjet-3.3.3/plugins/Jade/fastjet' 나감
make[3]: 디렉터리 '/tmp/jhkim/MA5_fastjet/fastjet-3.3.3/plugins/Jade/fastjet' 나감
Making install in .
make[3]: 디렉터리 '/tmp/jhkim/MA5_fastjet/fastjet-3.3.3/plugins/Jade' 들어감
make[4]: 디렉터리 '/tmp/jhkim/MA5_fastjet/fastjet-3.3.3/plugins/Jade' 들어감
make[4]: 'install-data-am'을(를) 위해 할 일이 없습니다.
make[4]: 디렉터리 '/tmp/jhkim/MA5_fastjet/fastjet-3.3.3/plugins/Jade' 나감
make[3]: 디렉터리 '/tmp/jhkim/MA5_fastjet/fastjet-3.3.3/plugins/Jade' 나감
make[2]: 디렉터리 '/tmp/jhkim/MA5_fastjet/fastjet-3.3.3/plugins/Jade' 나감
Making install in GridJet
make[2]: 디렉터리 '/tmp/jhkim/MA5_fastjet/fastjet-3.3.3/plugins/GridJet' 들어감
Making install in fastjet
make[3]: 디렉터리 '/tmp/jhkim/MA5_fastjet/fastjet-3.3.3/plugins/GridJet/fastjet' 들어감
make[4]: 디렉터리 '/tmp/jhkim/MA5_fastjet/fastjet-3.3.3/plugins/GridJet/fastjet' 들어감
make[4]: 'install-exec-am'을(를) 위해 할 일이 없습니다.
 /bin/mkdir -p '/home/jhkim/MAschool2020/madanalysis5/tools/fastjet/include/fastjet'
 /usr/bin/install -c -m 644 GridJetPlugin.hh '/home/jhkim/MAschool2020/madanalysis5/tools/fastjet/include/fastjet'
make[4]: 디렉터리 '/tmp/jhkim/MA5_fastjet/fastjet-3.3.3/plugins/GridJet/fastjet' 나감
make[3]: 디렉터리 '/tmp/jhkim/MA5_fastjet/fastjet-3.3.3/plugins/GridJet/fastjet' 나감
Making install in .
make[3]: 디렉터리 '/tmp/jhkim/MA5_fastjet/fastjet-3.3.3/plugins/GridJet' 들어감
make[4]: 디렉터리 '/tmp/jhkim/MA5_fastjet/fastjet-3.3.3/plugins/GridJet' 들어감
make[4]: 'install-data-am'을(를) 위해 할 일이 없습니다.
make[4]: 디렉터리 '/tmp/jhkim/MA5_fastjet/fastjet-3.3.3/plugins/GridJet' 나감
make[3]: 디렉터리 '/tmp/jhkim/MA5_fastjet/fastjet-3.3.3/plugins/GridJet' 나감
make[2]: 디렉터리 '/tmp/jhkim/MA5_fastjet/fastjet-3.3.3/plugins/GridJet' 나감
Making install in .
make[2]: 디렉터리 '/tmp/jhkim/MA5_fastjet/fastjet-3.3.3/plugins' 들어감
make[3]: 디렉터리 '/tmp/jhkim/MA5_fastjet/fastjet-3.3.3/plugins' 들어감
 /bin/mkdir -p '/home/jhkim/MAschool2020/madanalysis5/tools/fastjet/lib'
 /bin/bash ../libtool   --mode=install /usr/bin/install -c   libfastjetplugins.la '/home/jhkim/MAschool2020/madanalysis5/tools/fastjet/lib'
libtool: warning: relinking 'libfastjetplugins.la'
libtool: install: (cd /tmp/jhkim/MA5_fastjet/fastjet-3.3.3/plugins; /bin/bash "/tmp/jhkim/MA5_fastjet/fastjet-3.3.3/libtool"  --tag CXX --mode=relink g++ -O2 -Wall -g -Woverloaded-virtual -DDROP_CGAL -o libfastjetplugins.la -rpath /home/jhkim/MAschool2020/madanalysis5/tools/fastjet/lib ../src/libfastjet.la SISCone/libSISConePlugin.la CDFCones/libCDFConesPlugin.la NestedDefs/libNestedDefsPlugin.la EECambridge/libEECambridgePlugin.la Jade/libJadePlugin.la GridJet/libGridJetPlugin.la -lm )
libtool: relink: g++  -fPIC -DPIC -shared -nostdlib /usr/lib/gcc/x86_64-linux-gnu/7/../../../x86_64-linux-gnu/crti.o /usr/lib/gcc/x86_64-linux-gnu/7/crtbeginS.o  -Wl,--whole-archive SISCone/.libs/libSISConePlugin.a CDFCones/.libs/libCDFConesPlugin.a NestedDefs/.libs/libNestedDefsPlugin.a EECambridge/.libs/libEECambridgePlugin.a Jade/.libs/libJadePlugin.a GridJet/.libs/libGridJetPlugin.a -Wl,--no-whole-archive  -Wl,-rpath -Wl,/home/jhkim/MAschool2020/madanalysis5/tools/fastjet/lib -L/home/jhkim/MAschool2020/madanalysis5/tools/fastjet/lib -lsiscone_spherical -lsiscone -lfastjet -L/usr/lib/gcc/x86_64-linux-gnu/7 -L/usr/lib/gcc/x86_64-linux-gnu/7/../../../x86_64-linux-gnu -L/usr/lib/gcc/x86_64-linux-gnu/7/../../../../lib -L/lib/x86_64-linux-gnu -L/lib/../lib -L/usr/lib/x86_64-linux-gnu -L/usr/lib/../lib -L. -L/usr/lib/gcc/x86_64-linux-gnu/7/../../.. -lstdc++ -lm -lc -lgcc_s /usr/lib/gcc/x86_64-linux-gnu/7/crtendS.o /usr/lib/gcc/x86_64-linux-gnu/7/../../../x86_64-linux-gnu/crtn.o  -O2 -g   -Wl,-soname -Wl,libfastjetplugins.so.0 -o .libs/libfastjetplugins.so.0.0.0
libtool: install: /usr/bin/install -c .libs/libfastjetplugins.so.0.0.0T /home/jhkim/MAschool2020/madanalysis5/tools/fastjet/lib/libfastjetplugins.so.0.0.0
libtool: install: (cd /home/jhkim/MAschool2020/madanalysis5/tools/fastjet/lib && { ln -s -f libfastjetplugins.so.0.0.0 libfastjetplugins.so.0 || { rm -f libfastjetplugins.so.0 && ln -s libfastjetplugins.so.0.0.0 libfastjetplugins.so.0; }; })
libtool: install: (cd /home/jhkim/MAschool2020/madanalysis5/tools/fastjet/lib && { ln -s -f libfastjetplugins.so.0.0.0 libfastjetplugins.so || { rm -f libfastjetplugins.so && ln -s libfastjetplugins.so.0.0.0 libfastjetplugins.so; }; })
libtool: install: /usr/bin/install -c .libs/libfastjetplugins.lai /home/jhkim/MAschool2020/madanalysis5/tools/fastjet/lib/libfastjetplugins.la
libtool: install: /usr/bin/install -c .libs/libfastjetplugins.a /home/jhkim/MAschool2020/madanalysis5/tools/fastjet/lib/libfastjetplugins.a
libtool: install: chmod 644 /home/jhkim/MAschool2020/madanalysis5/tools/fastjet/lib/libfastjetplugins.a
libtool: install: ranlib /home/jhkim/MAschool2020/madanalysis5/tools/fastjet/lib/libfastjetplugins.a
libtool: finish: PATH="/home/jhkim/MAschool2020/madanalysis5/tools/SampleAnalyzer/ExternalSymLink/Bin:/home/jhkim/root/bin:/home/jhkim/MAschool2020/madanalysis5/tools/SampleAnalyzer/ExternalSymLink/Bin:/home/jhkim/root/bin:/home/jhkim/MAschool2020/madanalysis5/tools/SampleAnalyzer/ExternalSymLink/Bin:/home/jhkim/root/bin:/home/jhkim/.local/bin:/home/jhkim/root/bin:/usr/local/sbin:/usr/local/bin:/usr/sbin:/usr/bin:/sbin:/bin:/usr/games:/usr/local/games:/snap/bin::::/sbin" ldconfig -n /home/jhkim/MAschool2020/madanalysis5/tools/fastjet/lib
----------------------------------------------------------------------
Libraries have been installed in:
   /home/jhkim/MAschool2020/madanalysis5/tools/fastjet/lib

If you ever happen to want to link against installed libraries
in a given directory, LIBDIR, you must either use libtool, and
specify the full pathname of the library, or use the '-LLIBDIR'
flag during linking and do at least one of the following:
   - add LIBDIR to the 'LD_LIBRARY_PATH' environment variable
     during execution
   - add LIBDIR to the 'LD_RUN_PATH' environment variable
     during linking
   - use the '-Wl,-rpath -Wl,LIBDIR' linker flag
   - have your system administrator add LIBDIR to '/etc/ld.so.conf'

See any operating system documentation about shared libraries for
more information, such as the ld(1) and ld.so(8) manual pages.
----------------------------------------------------------------------
make[3]: 'install-data-am'을(를) 위해 할 일이 없습니다.
make[3]: 디렉터리 '/tmp/jhkim/MA5_fastjet/fastjet-3.3.3/plugins' 나감
make[2]: 디렉터리 '/tmp/jhkim/MA5_fastjet/fastjet-3.3.3/plugins' 나감
make[1]: 디렉터리 '/tmp/jhkim/MA5_fastjet/fastjet-3.3.3/plugins' 나감
Making install in tools
make[1]: 디렉터리 '/tmp/jhkim/MA5_fastjet/fastjet-3.3.3/tools' 들어감
Making install in fastjet
make[2]: 디렉터리 '/tmp/jhkim/MA5_fastjet/fastjet-3.3.3/tools/fastjet' 들어감
Making install in tools
make[3]: 디렉터리 '/tmp/jhkim/MA5_fastjet/fastjet-3.3.3/tools/fastjet/tools' 들어감
make[4]: 디렉터리 '/tmp/jhkim/MA5_fastjet/fastjet-3.3.3/tools/fastjet/tools' 들어감
make[4]: 'install-exec-am'을(를) 위해 할 일이 없습니다.
 /bin/mkdir -p '/home/jhkim/MAschool2020/madanalysis5/tools/fastjet/include/fastjet/tools'
 /usr/bin/install -c -m 644 BackgroundEstimatorBase.hh JetMedianBackgroundEstimator.hh GridMedianBackgroundEstimator.hh Transformer.hh Boost.hh Recluster.hh Filter.hh Pruner.hh Subtractor.hh MassDropTagger.hh RestFrameNSubjettinessTagger.hh CASubJetTagger.hh JHTopTagger.hh TopTaggerBase.hh '/home/jhkim/MAschool2020/madanalysis5/tools/fastjet/include/fastjet/tools'
make[4]: 디렉터리 '/tmp/jhkim/MA5_fastjet/fastjet-3.3.3/tools/fastjet/tools' 나감
make[3]: 디렉터리 '/tmp/jhkim/MA5_fastjet/fastjet-3.3.3/tools/fastjet/tools' 나감
make[3]: 디렉터리 '/tmp/jhkim/MA5_fastjet/fastjet-3.3.3/tools/fastjet' 들어감
make[4]: 디렉터리 '/tmp/jhkim/MA5_fastjet/fastjet-3.3.3/tools/fastjet' 들어감
make[4]: 'install-exec-am'을(를) 위해 할 일이 없습니다.
make[4]: 'install-data-am'을(를) 위해 할 일이 없습니다.
make[4]: 디렉터리 '/tmp/jhkim/MA5_fastjet/fastjet-3.3.3/tools/fastjet' 나감
make[3]: 디렉터리 '/tmp/jhkim/MA5_fastjet/fastjet-3.3.3/tools/fastjet' 나감
make[2]: 디렉터리 '/tmp/jhkim/MA5_fastjet/fastjet-3.3.3/tools/fastjet' 나감
make[2]: 디렉터리 '/tmp/jhkim/MA5_fastjet/fastjet-3.3.3/tools' 들어감
make[3]: 디렉터리 '/tmp/jhkim/MA5_fastjet/fastjet-3.3.3/tools' 들어감
 /bin/mkdir -p '/home/jhkim/MAschool2020/madanalysis5/tools/fastjet/lib'
 /bin/bash ../libtool   --mode=install /usr/bin/install -c   libfastjettools.la '/home/jhkim/MAschool2020/madanalysis5/tools/fastjet/lib'
libtool: warning: relinking 'libfastjettools.la'
libtool: install: (cd /tmp/jhkim/MA5_fastjet/fastjet-3.3.3/tools; /bin/bash "/tmp/jhkim/MA5_fastjet/fastjet-3.3.3/libtool"  --tag CXX --mode=relink g++ -O2 -Wall -g -Woverloaded-virtual -DDROP_CGAL -I./../include -I. -o libfastjettools.la -rpath /home/jhkim/MAschool2020/madanalysis5/tools/fastjet/lib libfastjettools_la-BackgroundEstimatorBase.lo libfastjettools_la-JetMedianBackgroundEstimator.lo libfastjettools_la-GridMedianBackgroundEstimator.lo libfastjettools_la-Recluster.lo libfastjettools_la-Filter.lo libfastjettools_la-Pruner.lo libfastjettools_la-Subtractor.lo libfastjettools_la-MassDropTagger.lo libfastjettools_la-RestFrameNSubjettinessTagger.lo libfastjettools_la-CASubJetTagger.lo libfastjettools_la-JHTopTagger.lo libfastjettools_la-TopTaggerBase.lo ../src/libfastjet.la -lm )
libtool: relink: g++  -fPIC -DPIC -shared -nostdlib /usr/lib/gcc/x86_64-linux-gnu/7/../../../x86_64-linux-gnu/crti.o /usr/lib/gcc/x86_64-linux-gnu/7/crtbeginS.o  .libs/libfastjettools_la-BackgroundEstimatorBase.o .libs/libfastjettools_la-JetMedianBackgroundEstimator.o .libs/libfastjettools_la-GridMedianBackgroundEstimator.o .libs/libfastjettools_la-Recluster.o .libs/libfastjettools_la-Filter.o .libs/libfastjettools_la-Pruner.o .libs/libfastjettools_la-Subtractor.o .libs/libfastjettools_la-MassDropTagger.o .libs/libfastjettools_la-RestFrameNSubjettinessTagger.o .libs/libfastjettools_la-CASubJetTagger.o .libs/libfastjettools_la-JHTopTagger.o .libs/libfastjettools_la-TopTaggerBase.o   -Wl,-rpath -Wl,/home/jhkim/MAschool2020/madanalysis5/tools/fastjet/lib -L/home/jhkim/MAschool2020/madanalysis5/tools/fastjet/lib -lfastjet -L/usr/lib/gcc/x86_64-linux-gnu/7 -L/usr/lib/gcc/x86_64-linux-gnu/7/../../../x86_64-linux-gnu -L/usr/lib/gcc/x86_64-linux-gnu/7/../../../../lib -L/lib/x86_64-linux-gnu -L/lib/../lib -L/usr/lib/x86_64-linux-gnu -L/usr/lib/../lib -L. -L/usr/lib/gcc/x86_64-linux-gnu/7/../../.. -lstdc++ -lm -lc -lgcc_s /usr/lib/gcc/x86_64-linux-gnu/7/crtendS.o /usr/lib/gcc/x86_64-linux-gnu/7/../../../x86_64-linux-gnu/crtn.o  -O2 -g   -Wl,-soname -Wl,libfastjettools.so.0 -o .libs/libfastjettools.so.0.0.0
libtool: install: /usr/bin/install -c .libs/libfastjettools.so.0.0.0T /home/jhkim/MAschool2020/madanalysis5/tools/fastjet/lib/libfastjettools.so.0.0.0
libtool: install: (cd /home/jhkim/MAschool2020/madanalysis5/tools/fastjet/lib && { ln -s -f libfastjettools.so.0.0.0 libfastjettools.so.0 || { rm -f libfastjettools.so.0 && ln -s libfastjettools.so.0.0.0 libfastjettools.so.0; }; })
libtool: install: (cd /home/jhkim/MAschool2020/madanalysis5/tools/fastjet/lib && { ln -s -f libfastjettools.so.0.0.0 libfastjettools.so || { rm -f libfastjettools.so && ln -s libfastjettools.so.0.0.0 libfastjettools.so; }; })
libtool: install: /usr/bin/install -c .libs/libfastjettools.lai /home/jhkim/MAschool2020/madanalysis5/tools/fastjet/lib/libfastjettools.la
libtool: install: /usr/bin/install -c .libs/libfastjettools.a /home/jhkim/MAschool2020/madanalysis5/tools/fastjet/lib/libfastjettools.a
libtool: install: chmod 644 /home/jhkim/MAschool2020/madanalysis5/tools/fastjet/lib/libfastjettools.a
libtool: install: ranlib /home/jhkim/MAschool2020/madanalysis5/tools/fastjet/lib/libfastjettools.a
libtool: finish: PATH="/home/jhkim/MAschool2020/madanalysis5/tools/SampleAnalyzer/ExternalSymLink/Bin:/home/jhkim/root/bin:/home/jhkim/MAschool2020/madanalysis5/tools/SampleAnalyzer/ExternalSymLink/Bin:/home/jhkim/root/bin:/home/jhkim/MAschool2020/madanalysis5/tools/SampleAnalyzer/ExternalSymLink/Bin:/home/jhkim/root/bin:/home/jhkim/.local/bin:/home/jhkim/root/bin:/usr/local/sbin:/usr/local/bin:/usr/sbin:/usr/bin:/sbin:/bin:/usr/games:/usr/local/games:/snap/bin::::/sbin" ldconfig -n /home/jhkim/MAschool2020/madanalysis5/tools/fastjet/lib
----------------------------------------------------------------------
Libraries have been installed in:
   /home/jhkim/MAschool2020/madanalysis5/tools/fastjet/lib

If you ever happen to want to link against installed libraries
in a given directory, LIBDIR, you must either use libtool, and
specify the full pathname of the library, or use the '-LLIBDIR'
flag during linking and do at least one of the following:
   - add LIBDIR to the 'LD_LIBRARY_PATH' environment variable
     during execution
   - add LIBDIR to the 'LD_RUN_PATH' environment variable
     during linking
   - use the '-Wl,-rpath -Wl,LIBDIR' linker flag
   - have your system administrator add LIBDIR to '/etc/ld.so.conf'

See any operating system documentation about shared libraries for
more information, such as the ld(1) and ld.so(8) manual pages.
----------------------------------------------------------------------
make[3]: 'install-data-am'을(를) 위해 할 일이 없습니다.
make[3]: 디렉터리 '/tmp/jhkim/MA5_fastjet/fastjet-3.3.3/tools' 나감
make[2]: 디렉터리 '/tmp/jhkim/MA5_fastjet/fastjet-3.3.3/tools' 나감
make[1]: 디렉터리 '/tmp/jhkim/MA5_fastjet/fastjet-3.3.3/tools' 나감
Making install in example
make[1]: 디렉터리 '/tmp/jhkim/MA5_fastjet/fastjet-3.3.3/example' 들어감
Making install in data
make[2]: 디렉터리 '/tmp/jhkim/MA5_fastjet/fastjet-3.3.3/example/data' 들어감
make[3]: 디렉터리 '/tmp/jhkim/MA5_fastjet/fastjet-3.3.3/example/data' 들어감
make[3]: 'install-exec-am'을(를) 위해 할 일이 없습니다.
make[3]: 'install-data-am'을(를) 위해 할 일이 없습니다.
make[3]: 디렉터리 '/tmp/jhkim/MA5_fastjet/fastjet-3.3.3/example/data' 나감
make[2]: 디렉터리 '/tmp/jhkim/MA5_fastjet/fastjet-3.3.3/example/data' 나감
Making install in python
make[2]: 디렉터리 '/tmp/jhkim/MA5_fastjet/fastjet-3.3.3/example/python' 들어감
make[3]: 디렉터리 '/tmp/jhkim/MA5_fastjet/fastjet-3.3.3/example/python' 들어감
make[3]: 'install-exec-am'을(를) 위해 할 일이 없습니다.
make[3]: 'install-data-am'을(를) 위해 할 일이 없습니다.
make[3]: 디렉터리 '/tmp/jhkim/MA5_fastjet/fastjet-3.3.3/example/python' 나감
make[2]: 디렉터리 '/tmp/jhkim/MA5_fastjet/fastjet-3.3.3/example/python' 나감
Making install in root
make[2]: 디렉터리 '/tmp/jhkim/MA5_fastjet/fastjet-3.3.3/example/root' 들어감
make[3]: 디렉터리 '/tmp/jhkim/MA5_fastjet/fastjet-3.3.3/example/root' 들어감
make[3]: 'install-exec-am'을(를) 위해 할 일이 없습니다.
make[3]: 'install-data-am'을(를) 위해 할 일이 없습니다.
make[3]: 디렉터리 '/tmp/jhkim/MA5_fastjet/fastjet-3.3.3/example/root' 나감
make[2]: 디렉터리 '/tmp/jhkim/MA5_fastjet/fastjet-3.3.3/example/root' 나감
make[2]: 디렉터리 '/tmp/jhkim/MA5_fastjet/fastjet-3.3.3/example' 들어감
make[3]: 디렉터리 '/tmp/jhkim/MA5_fastjet/fastjet-3.3.3/example' 들어감
make[3]: 'install-exec-am'을(를) 위해 할 일이 없습니다.
make[3]: 'install-data-am'을(를) 위해 할 일이 없습니다.
make[3]: 디렉터리 '/tmp/jhkim/MA5_fastjet/fastjet-3.3.3/example' 나감
make[2]: 디렉터리 '/tmp/jhkim/MA5_fastjet/fastjet-3.3.3/example' 나감
make[1]: 디렉터리 '/tmp/jhkim/MA5_fastjet/fastjet-3.3.3/example' 나감
Making install in fortran_wrapper
make[1]: 디렉터리 '/tmp/jhkim/MA5_fastjet/fastjet-3.3.3/fortran_wrapper' 들어감
make[2]: 디렉터리 '/tmp/jhkim/MA5_fastjet/fastjet-3.3.3/fortran_wrapper' 들어감
make[2]: 'install-exec-am'을(를) 위해 할 일이 없습니다.
make[2]: 'install-data-am'을(를) 위해 할 일이 없습니다.
make[2]: 디렉터리 '/tmp/jhkim/MA5_fastjet/fastjet-3.3.3/fortran_wrapper' 나감
make[1]: 디렉터리 '/tmp/jhkim/MA5_fastjet/fastjet-3.3.3/fortran_wrapper' 나감
Making install in doc
make[1]: 디렉터리 '/tmp/jhkim/MA5_fastjet/fastjet-3.3.3/doc' 들어감
Making install in figs
make[2]: 디렉터리 '/tmp/jhkim/MA5_fastjet/fastjet-3.3.3/doc/figs' 들어감
make[3]: 디렉터리 '/tmp/jhkim/MA5_fastjet/fastjet-3.3.3/doc/figs' 들어감
make[3]: 'install-exec-am'을(를) 위해 할 일이 없습니다.
make[3]: 'install-data-am'을(를) 위해 할 일이 없습니다.
make[3]: 디렉터리 '/tmp/jhkim/MA5_fastjet/fastjet-3.3.3/doc/figs' 나감
make[2]: 디렉터리 '/tmp/jhkim/MA5_fastjet/fastjet-3.3.3/doc/figs' 나감
make[2]: 디렉터리 '/tmp/jhkim/MA5_fastjet/fastjet-3.3.3/doc' 들어감
make[3]: 디렉터리 '/tmp/jhkim/MA5_fastjet/fastjet-3.3.3/doc' 들어감
make[3]: 'install-exec-am'을(를) 위해 할 일이 없습니다.
make[3]: 'install-data-am'을(를) 위해 할 일이 없습니다.
make[3]: 디렉터리 '/tmp/jhkim/MA5_fastjet/fastjet-3.3.3/doc' 나감
make[2]: 디렉터리 '/tmp/jhkim/MA5_fastjet/fastjet-3.3.3/doc' 나감
make[1]: 디렉터리 '/tmp/jhkim/MA5_fastjet/fastjet-3.3.3/doc' 나감
make[1]: 디렉터리 '/tmp/jhkim/MA5_fastjet/fastjet-3.3.3' 들어감
make[2]: 디렉터리 '/tmp/jhkim/MA5_fastjet/fastjet-3.3.3' 들어감
 /bin/mkdir -p '/home/jhkim/MAschool2020/madanalysis5/tools/fastjet/bin'
 /usr/bin/install -c fastjet-config '/home/jhkim/MAschool2020/madanalysis5/tools/fastjet/bin'
make[2]: 'install-data-am'을(를) 위해 할 일이 없습니다.
make[2]: 디렉터리 '/tmp/jhkim/MA5_fastjet/fastjet-3.3.3' 나감
make[1]: 디렉터리 '/tmp/jhkim/MA5_fastjet/fastjet-3.3.3' 나감
