make FJCONTRIB_SUBMAKE=1 -C ClusteringVetoPlugin
make[1]: Entering directory `/tmp/root/MA5_fastjetcontrib/fjcontrib-1.039/ClusteringVetoPlugin'
make[1]: Nothing to be done for `all'.
make[1]: Leaving directory `/tmp/root/MA5_fastjetcontrib/fjcontrib-1.039/ClusteringVetoPlugin'
make FJCONTRIB_SUBMAKE=1 -C SoftKiller
make[1]: Entering directory `/tmp/root/MA5_fastjetcontrib/fjcontrib-1.039/SoftKiller'
make[1]: Nothing to be done for `all'.
make[1]: Leaving directory `/tmp/root/MA5_fastjetcontrib/fjcontrib-1.039/SoftKiller'
make FJCONTRIB_SUBMAKE=1 -C ScJet
make[1]: Entering directory `/tmp/root/MA5_fastjetcontrib/fjcontrib-1.039/ScJet'
make[1]: Nothing to be done for `all'.
make[1]: Leaving directory `/tmp/root/MA5_fastjetcontrib/fjcontrib-1.039/ScJet'
make FJCONTRIB_SUBMAKE=1 -C RecursiveTools
make[1]: Entering directory `/tmp/root/MA5_fastjetcontrib/fjcontrib-1.039/RecursiveTools'
make[1]: Nothing to be done for `all'.
make[1]: Leaving directory `/tmp/root/MA5_fastjetcontrib/fjcontrib-1.039/RecursiveTools'
make FJCONTRIB_SUBMAKE=1 -C Nsubjettiness
make[1]: Entering directory `/tmp/root/MA5_fastjetcontrib/fjcontrib-1.039/Nsubjettiness'
make[1]: Nothing to be done for `all'.
make[1]: Leaving directory `/tmp/root/MA5_fastjetcontrib/fjcontrib-1.039/Nsubjettiness'
make FJCONTRIB_SUBMAKE=1 -C EnergyCorrelator
make[1]: Entering directory `/tmp/root/MA5_fastjetcontrib/fjcontrib-1.039/EnergyCorrelator'
make[1]: Nothing to be done for `all'.
make[1]: Leaving directory `/tmp/root/MA5_fastjetcontrib/fjcontrib-1.039/EnergyCorrelator'
make FJCONTRIB_SUBMAKE=1 -C JetCleanser
make[1]: Entering directory `/tmp/root/MA5_fastjetcontrib/fjcontrib-1.039/JetCleanser'
make[1]: Nothing to be done for `all'.
make[1]: Leaving directory `/tmp/root/MA5_fastjetcontrib/fjcontrib-1.039/JetCleanser'
make FJCONTRIB_SUBMAKE=1 -C GenericSubtractor
make[1]: Entering directory `/tmp/root/MA5_fastjetcontrib/fjcontrib-1.039/GenericSubtractor'
make[1]: Nothing to be done for `all'.
make[1]: Leaving directory `/tmp/root/MA5_fastjetcontrib/fjcontrib-1.039/GenericSubtractor'
make FJCONTRIB_SUBMAKE=1 -C VariableR
make[1]: Entering directory `/tmp/root/MA5_fastjetcontrib/fjcontrib-1.039/VariableR'
make[1]: Nothing to be done for `all'.
make[1]: Leaving directory `/tmp/root/MA5_fastjetcontrib/fjcontrib-1.039/VariableR'
make FJCONTRIB_SUBMAKE=1 -C SubjetCounting
make[1]: Entering directory `/tmp/root/MA5_fastjetcontrib/fjcontrib-1.039/SubjetCounting'
make[1]: Nothing to be done for `all'.
make[1]: Leaving directory `/tmp/root/MA5_fastjetcontrib/fjcontrib-1.039/SubjetCounting'
make FJCONTRIB_SUBMAKE=1 -C JetsWithoutJets
make[1]: Entering directory `/tmp/root/MA5_fastjetcontrib/fjcontrib-1.039/JetsWithoutJets'
make[1]: Nothing to be done for `all'.
make[1]: Leaving directory `/tmp/root/MA5_fastjetcontrib/fjcontrib-1.039/JetsWithoutJets'
make FJCONTRIB_SUBMAKE=1 -C JetFFMoments
make[1]: Entering directory `/tmp/root/MA5_fastjetcontrib/fjcontrib-1.039/JetFFMoments'
make[1]: Nothing to be done for `all'.
make[1]: Leaving directory `/tmp/root/MA5_fastjetcontrib/fjcontrib-1.039/JetFFMoments'
make FJCONTRIB_SUBMAKE=1 -C ValenciaPlugin
make[1]: Entering directory `/tmp/root/MA5_fastjetcontrib/fjcontrib-1.039/ValenciaPlugin'
make[1]: Nothing to be done for `all'.
make[1]: Leaving directory `/tmp/root/MA5_fastjetcontrib/fjcontrib-1.039/ValenciaPlugin'
make FJCONTRIB_SUBMAKE=1 -C ConstituentSubtractor
make[1]: Entering directory `/tmp/root/MA5_fastjetcontrib/fjcontrib-1.039/ConstituentSubtractor'
make[1]: Nothing to be done for `all'.
make[1]: Leaving directory `/tmp/root/MA5_fastjetcontrib/fjcontrib-1.039/ConstituentSubtractor'
make FJCONTRIB_SUBMAKE=1 -C FlavorCone
make[1]: Entering directory `/tmp/root/MA5_fastjetcontrib/fjcontrib-1.039/FlavorCone'
make[1]: Nothing to be done for `all'.
make[1]: Leaving directory `/tmp/root/MA5_fastjetcontrib/fjcontrib-1.039/FlavorCone'
make FJCONTRIB_SUBMAKE=1 -C QCDAwarePlugin
make[1]: Entering directory `/tmp/root/MA5_fastjetcontrib/fjcontrib-1.039/QCDAwarePlugin'
make[1]: Nothing to be done for `all'.
make[1]: Leaving directory `/tmp/root/MA5_fastjetcontrib/fjcontrib-1.039/QCDAwarePlugin'
make FJCONTRIB_SUBMAKE=1 -C LundPlane
make[1]: Entering directory `/tmp/root/MA5_fastjetcontrib/fjcontrib-1.039/LundPlane'
make[1]: Nothing to be done for `all'.
make[1]: Leaving directory `/tmp/root/MA5_fastjetcontrib/fjcontrib-1.039/LundPlane'
make FJCONTRIB_SUBMAKE=1 -C ClusteringVetoPlugin install
make[1]: Entering directory `/tmp/root/MA5_fastjetcontrib/fjcontrib-1.039/ClusteringVetoPlugin'
/bin/sh ../utils/install-sh -d /workspace/madanalysis5/tools/fastjet/include/fastjet/contrib
for header in ClusteringVetoPlugin.hh; do\
  /bin/sh ../utils/install-sh -c -m 644 $header /workspace/madanalysis5/tools/fastjet/include/fastjet/contrib/;\
done
/bin/sh ../utils/install-sh -d /workspace/madanalysis5/tools/fastjet/lib
/bin/sh ../utils/install-sh -c -m 644 libClusteringVetoPlugin.a /workspace/madanalysis5/tools/fastjet/lib
make[1]: Leaving directory `/tmp/root/MA5_fastjetcontrib/fjcontrib-1.039/ClusteringVetoPlugin'
make FJCONTRIB_SUBMAKE=1 -C SoftKiller install
make[1]: Entering directory `/tmp/root/MA5_fastjetcontrib/fjcontrib-1.039/SoftKiller'
/bin/sh ../utils/install-sh -d /workspace/madanalysis5/tools/fastjet/include/fastjet/contrib
for header in SoftKiller.hh; do\
  /bin/sh ../utils/install-sh -c -m 644 $header /workspace/madanalysis5/tools/fastjet/include/fastjet/contrib/;\
done
/bin/sh ../utils/install-sh -d /workspace/madanalysis5/tools/fastjet/lib
/bin/sh ../utils/install-sh -c -m 644 libSoftKiller.a /workspace/madanalysis5/tools/fastjet/lib
make[1]: Leaving directory `/tmp/root/MA5_fastjetcontrib/fjcontrib-1.039/SoftKiller'
make FJCONTRIB_SUBMAKE=1 -C ScJet install
make[1]: Entering directory `/tmp/root/MA5_fastjetcontrib/fjcontrib-1.039/ScJet'
/bin/sh ../utils/install-sh -d /workspace/madanalysis5/tools/fastjet/include/fastjet/contrib
for header in ScJet.hh; do\
  /bin/sh ../utils/install-sh -c -m 644 $header /workspace/madanalysis5/tools/fastjet/include/fastjet/contrib/;\
done
/bin/sh ../utils/install-sh -d /workspace/madanalysis5/tools/fastjet/lib
/bin/sh ../utils/install-sh -c -m 644 libScJet.a /workspace/madanalysis5/tools/fastjet/lib
make[1]: Leaving directory `/tmp/root/MA5_fastjetcontrib/fjcontrib-1.039/ScJet'
make FJCONTRIB_SUBMAKE=1 -C RecursiveTools install
make[1]: Entering directory `/tmp/root/MA5_fastjetcontrib/fjcontrib-1.039/RecursiveTools'
/bin/sh ../utils/install-sh -d /workspace/madanalysis5/tools/fastjet/include/fastjet/contrib
for header in Recluster.hh RecursiveSymmetryCutBase.hh ModifiedMassDropTagger.hh SoftDrop.hh IteratedSoftDrop.hh RecursiveSoftDrop.hh BottomUpSoftDrop.hh; do\
  /bin/sh ../utils/install-sh -c -m 644 $header /workspace/madanalysis5/tools/fastjet/include/fastjet/contrib/;\
done
/bin/sh ../utils/install-sh -d /workspace/madanalysis5/tools/fastjet/lib
/bin/sh ../utils/install-sh -c -m 644 libRecursiveTools.a /workspace/madanalysis5/tools/fastjet/lib
make[1]: Leaving directory `/tmp/root/MA5_fastjetcontrib/fjcontrib-1.039/RecursiveTools'
make FJCONTRIB_SUBMAKE=1 -C Nsubjettiness install
make[1]: Entering directory `/tmp/root/MA5_fastjetcontrib/fjcontrib-1.039/Nsubjettiness'
/bin/sh ../utils/install-sh -d /workspace/madanalysis5/tools/fastjet/include/fastjet/contrib
for header in Nsubjettiness.hh Njettiness.hh NjettinessPlugin.hh XConePlugin.hh MeasureDefinition.hh ExtraRecombiners.hh AxesDefinition.hh TauComponents.hh; do\
  /bin/sh ../utils/install-sh -c -m 644 $header /workspace/madanalysis5/tools/fastjet/include/fastjet/contrib/;\
done
/bin/sh ../utils/install-sh -d /workspace/madanalysis5/tools/fastjet/lib
/bin/sh ../utils/install-sh -c -m 644 libNsubjettiness.a /workspace/madanalysis5/tools/fastjet/lib
make[1]: Leaving directory `/tmp/root/MA5_fastjetcontrib/fjcontrib-1.039/Nsubjettiness'
make FJCONTRIB_SUBMAKE=1 -C EnergyCorrelator install
make[1]: Entering directory `/tmp/root/MA5_fastjetcontrib/fjcontrib-1.039/EnergyCorrelator'
/bin/sh ../utils/install-sh -d /workspace/madanalysis5/tools/fastjet/include/fastjet/contrib
for header in EnergyCorrelator.hh; do\
  /bin/sh ../utils/install-sh -c -m 644 $header /workspace/madanalysis5/tools/fastjet/include/fastjet/contrib/;\
done
/bin/sh ../utils/install-sh -d /workspace/madanalysis5/tools/fastjet/lib
/bin/sh ../utils/install-sh -c -m 644 libEnergyCorrelator.a /workspace/madanalysis5/tools/fastjet/lib
make[1]: Leaving directory `/tmp/root/MA5_fastjetcontrib/fjcontrib-1.039/EnergyCorrelator'
make FJCONTRIB_SUBMAKE=1 -C JetCleanser install
make[1]: Entering directory `/tmp/root/MA5_fastjetcontrib/fjcontrib-1.039/JetCleanser'
/bin/sh ../utils/install-sh -d /workspace/madanalysis5/tools/fastjet/include/fastjet/contrib
for header in JetCleanser.hh; do\
  /bin/sh ../utils/install-sh -c -m 644 $header /workspace/madanalysis5/tools/fastjet/include/fastjet/contrib/;\
done
/bin/sh ../utils/install-sh -d /workspace/madanalysis5/tools/fastjet/lib
/bin/sh ../utils/install-sh -c -m 644 libJetCleanser.a /workspace/madanalysis5/tools/fastjet/lib
make[1]: Leaving directory `/tmp/root/MA5_fastjetcontrib/fjcontrib-1.039/JetCleanser'
make FJCONTRIB_SUBMAKE=1 -C GenericSubtractor install
make[1]: Entering directory `/tmp/root/MA5_fastjetcontrib/fjcontrib-1.039/GenericSubtractor'
/bin/sh ../utils/install-sh -d /workspace/madanalysis5/tools/fastjet/include/fastjet/contrib
for header in GenericSubtractor.hh ShapeWithPartition.hh ShapeWithComponents.hh; do\
  /bin/sh ../utils/install-sh -c -m 644 $header /workspace/madanalysis5/tools/fastjet/include/fastjet/contrib/;\
done
/bin/sh ../utils/install-sh -d /workspace/madanalysis5/tools/fastjet/lib
/bin/sh ../utils/install-sh -c -m 644 libGenericSubtractor.a /workspace/madanalysis5/tools/fastjet/lib
make[1]: Leaving directory `/tmp/root/MA5_fastjetcontrib/fjcontrib-1.039/GenericSubtractor'
make FJCONTRIB_SUBMAKE=1 -C VariableR install
make[1]: Entering directory `/tmp/root/MA5_fastjetcontrib/fjcontrib-1.039/VariableR'
/bin/sh ../utils/install-sh -d /workspace/madanalysis5/tools/fastjet/include/fastjet/contrib
for header in VariableR.hh VariableRPlugin.hh; do\
  /bin/sh ../utils/install-sh -c -m 644 $header /workspace/madanalysis5/tools/fastjet/include/fastjet/contrib/;\
done
/bin/sh ../utils/install-sh -d /workspace/madanalysis5/tools/fastjet/lib
/bin/sh ../utils/install-sh -c -m 644 libVariableR.a /workspace/madanalysis5/tools/fastjet/lib
make[1]: Leaving directory `/tmp/root/MA5_fastjetcontrib/fjcontrib-1.039/VariableR'
make FJCONTRIB_SUBMAKE=1 -C SubjetCounting install
make[1]: Entering directory `/tmp/root/MA5_fastjetcontrib/fjcontrib-1.039/SubjetCounting'
/bin/sh ../utils/install-sh -d /workspace/madanalysis5/tools/fastjet/include/fastjet/contrib
for header in SubjetCounting.hh; do\
  /bin/sh ../utils/install-sh -c -m 644 $header /workspace/madanalysis5/tools/fastjet/include/fastjet/contrib/;\
done
/bin/sh ../utils/install-sh -d /workspace/madanalysis5/tools/fastjet/lib
/bin/sh ../utils/install-sh -c -m 644 libSubjetCounting.a /workspace/madanalysis5/tools/fastjet/lib
make[1]: Leaving directory `/tmp/root/MA5_fastjetcontrib/fjcontrib-1.039/SubjetCounting'
make FJCONTRIB_SUBMAKE=1 -C JetsWithoutJets install
make[1]: Entering directory `/tmp/root/MA5_fastjetcontrib/fjcontrib-1.039/JetsWithoutJets'
/bin/sh ../utils/install-sh -d /workspace/madanalysis5/tools/fastjet/include/fastjet/contrib
for header in JetsWithoutJets.hh EventStorage.hh; do\
  /bin/sh ../utils/install-sh -c -m 644 $header /workspace/madanalysis5/tools/fastjet/include/fastjet/contrib/;\
done
/bin/sh ../utils/install-sh -d /workspace/madanalysis5/tools/fastjet/lib
/bin/sh ../utils/install-sh -c -m 644 libJetsWithoutJets.a /workspace/madanalysis5/tools/fastjet/lib
make[1]: Leaving directory `/tmp/root/MA5_fastjetcontrib/fjcontrib-1.039/JetsWithoutJets'
make FJCONTRIB_SUBMAKE=1 -C JetFFMoments install
make[1]: Entering directory `/tmp/root/MA5_fastjetcontrib/fjcontrib-1.039/JetFFMoments'
/bin/sh ../utils/install-sh -d /workspace/madanalysis5/tools/fastjet/include/fastjet/contrib
/bin/sh ../utils/install-sh -c -m 644 JetFFMoments.hh /workspace/madanalysis5/tools/fastjet/include/fastjet/contrib
/bin/sh ../utils/install-sh -d /workspace/madanalysis5/tools/fastjet/lib
/bin/sh ../utils/install-sh -c -m 644 libJetFFMoments.a /workspace/madanalysis5/tools/fastjet/lib
make[1]: Leaving directory `/tmp/root/MA5_fastjetcontrib/fjcontrib-1.039/JetFFMoments'
make FJCONTRIB_SUBMAKE=1 -C ValenciaPlugin install
make[1]: Entering directory `/tmp/root/MA5_fastjetcontrib/fjcontrib-1.039/ValenciaPlugin'
/bin/sh ../utils/install-sh -d /workspace/madanalysis5/tools/fastjet/include/fastjet/contrib
for header in ValenciaPlugin.hh; do\
  /bin/sh ../utils/install-sh -c -m 644 $header /workspace/madanalysis5/tools/fastjet/include/fastjet/contrib/;\
done
/bin/sh ../utils/install-sh -d /workspace/madanalysis5/tools/fastjet/lib
/bin/sh ../utils/install-sh -c -m 644 libValenciaPlugin.a /workspace/madanalysis5/tools/fastjet/lib
make[1]: Leaving directory `/tmp/root/MA5_fastjetcontrib/fjcontrib-1.039/ValenciaPlugin'
make FJCONTRIB_SUBMAKE=1 -C ConstituentSubtractor install
make[1]: Entering directory `/tmp/root/MA5_fastjetcontrib/fjcontrib-1.039/ConstituentSubtractor'
/bin/sh ../utils/install-sh -d /workspace/madanalysis5/tools/fastjet/include/fastjet/contrib
for header in ConstituentSubtractor.hh IterativeConstituentSubtractor.hh RescalingClasses.hh; do\
  /bin/sh ../utils/install-sh -c -m 644 $header /workspace/madanalysis5/tools/fastjet/include/fastjet/contrib/;\
done
/bin/sh ../utils/install-sh -d /workspace/madanalysis5/tools/fastjet/lib
/bin/sh ../utils/install-sh -c -m 644 libConstituentSubtractor.a /workspace/madanalysis5/tools/fastjet/lib
make[1]: Leaving directory `/tmp/root/MA5_fastjetcontrib/fjcontrib-1.039/ConstituentSubtractor'
make FJCONTRIB_SUBMAKE=1 -C FlavorCone install
make[1]: Entering directory `/tmp/root/MA5_fastjetcontrib/fjcontrib-1.039/FlavorCone'
/bin/sh ../utils/install-sh -d /workspace/madanalysis5/tools/fastjet/include/fastjet/contrib
for header in FlavorCone.hh; do\
  /bin/sh ../utils/install-sh -c -m 644 $header /workspace/madanalysis5/tools/fastjet/include/fastjet/contrib/;\
done
/bin/sh ../utils/install-sh -d /workspace/madanalysis5/tools/fastjet/lib
/bin/sh ../utils/install-sh -c -m 644 libFlavorCone.a /workspace/madanalysis5/tools/fastjet/lib
make[1]: Leaving directory `/tmp/root/MA5_fastjetcontrib/fjcontrib-1.039/FlavorCone'
make FJCONTRIB_SUBMAKE=1 -C QCDAwarePlugin install
make[1]: Entering directory `/tmp/root/MA5_fastjetcontrib/fjcontrib-1.039/QCDAwarePlugin'
/bin/sh ../utils/install-sh -d /workspace/madanalysis5/tools/fastjet/include/fastjet/contrib
for header in QCDAwarePlugin.hh DistanceMeasure.hh; do\
  /bin/sh ../utils/install-sh -c -m 644 $header /workspace/madanalysis5/tools/fastjet/include/fastjet/contrib/;\
done
/bin/sh ../utils/install-sh -d /workspace/madanalysis5/tools/fastjet/lib
/bin/sh ../utils/install-sh -c -m 644 libQCDAwarePlugin.a /workspace/madanalysis5/tools/fastjet/lib
make[1]: Leaving directory `/tmp/root/MA5_fastjetcontrib/fjcontrib-1.039/QCDAwarePlugin'
make FJCONTRIB_SUBMAKE=1 -C LundPlane install
make[1]: Entering directory `/tmp/root/MA5_fastjetcontrib/fjcontrib-1.039/LundPlane'
/bin/sh ../utils/install-sh -d /workspace/madanalysis5/tools/fastjet/include/fastjet/contrib
for header in LundGenerator.hh LundWithSecondary.hh SecondaryLund.hh LundJSON.hh; do\
  /bin/sh ../utils/install-sh -c -m 644 $header /workspace/madanalysis5/tools/fastjet/include/fastjet/contrib/;\
done
/bin/sh ../utils/install-sh -d /workspace/madanalysis5/tools/fastjet/lib
/bin/sh ../utils/install-sh -c -m 644 libLundPlane.a /workspace/madanalysis5/tools/fastjet/lib
make[1]: Leaving directory `/tmp/root/MA5_fastjetcontrib/fjcontrib-1.039/LundPlane'
