c++ -Wall -O3 -fPIC -I/home/jhkim/MAschool2020/madanalysis5/tools/ -I/home/jhkim/MAschool2020/madanalysis5/tools/fastjet/include -o fastjet/ClusterAlgoCDFMidpoint.o -c fastjet/ClusterAlgoCDFMidpoint.cpp
c++ -Wall -O3 -fPIC -I/home/jhkim/MAschool2020/madanalysis5/tools/ -I/home/jhkim/MAschool2020/madanalysis5/tools/fastjet/include -o fastjet/ClusterAlgoStandard.o -c fastjet/ClusterAlgoStandard.cpp
c++ -Wall -O3 -fPIC -I/home/jhkim/MAschool2020/madanalysis5/tools/ -I/home/jhkim/MAschool2020/madanalysis5/tools/fastjet/include -o fastjet/ClusterAlgoCDFJetClu.o -c fastjet/ClusterAlgoCDFJetClu.cpp
c++ -Wall -O3 -fPIC -I/home/jhkim/MAschool2020/madanalysis5/tools/ -I/home/jhkim/MAschool2020/madanalysis5/tools/fastjet/include -o fastjet/DJRextractor.o -c fastjet/DJRextractor.cpp
c++ -Wall -O3 -fPIC -I/home/jhkim/MAschool2020/madanalysis5/tools/ -I/home/jhkim/MAschool2020/madanalysis5/tools/fastjet/include -o fastjet/ClusterAlgoGridJet.o -c fastjet/ClusterAlgoGridJet.cpp
c++ -Wall -O3 -fPIC -I/home/jhkim/MAschool2020/madanalysis5/tools/ -I/home/jhkim/MAschool2020/madanalysis5/tools/fastjet/include -o fastjet/ClusterAlgoSISCone.o -c fastjet/ClusterAlgoSISCone.cpp
c++ -Wall -O3 -fPIC -I/home/jhkim/MAschool2020/madanalysis5/tools/ -I/home/jhkim/MAschool2020/madanalysis5/tools/fastjet/include -o fastjet/ClusterAlgoFastJet.o -c fastjet/ClusterAlgoFastJet.cpp
In file included from fastjet/DJRextractor.cpp:32:0:
/home/jhkim/MAschool2020/madanalysis5/tools/fastjet/include/fastjet/ClusterSequence.hh:372:44: warning: ‘template<class> class std::auto_ptr’ is deprecated [-Wdeprecated-declarations]
   inline void plugin_associate_extras(std::auto_ptr<Extras> extras_in){
                                            ^~~~~~~~
In file included from /usr/include/c++/7/bits/locale_conv.h:41:0,
                 from /usr/include/c++/7/locale:43,
                 from /usr/include/c++/7/iomanip:43,
                 from /home/jhkim/MAschool2020/madanalysis5/tools/SampleAnalyzer/Commons/DataFormat/EventFormat.h:33,
                 from /home/jhkim/MAschool2020/madanalysis5/tools/SampleAnalyzer/Interfaces/fastjet/DJRextractor.h:35,
                 from fastjet/DJRextractor.cpp:26:
/usr/include/c++/7/bits/unique_ptr.h:51:28: note: declared here
   template<typename> class auto_ptr;
                            ^~~~~~~~
In file included from fastjet/ClusterAlgoCDFMidpoint.cpp:29:0:
/home/jhkim/MAschool2020/madanalysis5/tools/fastjet/include/fastjet/ClusterSequence.hh:372:44: warning: ‘template<class> class std::auto_ptr’ is deprecated [-Wdeprecated-declarations]
   inline void plugin_associate_extras(std::auto_ptr<Extras> extras_in){
                                            ^~~~~~~~
In file included from /usr/include/c++/7/bits/locale_conv.h:41:0,
                 from /usr/include/c++/7/locale:43,
                 from /usr/include/c++/7/iomanip:43,
                 from /home/jhkim/MAschool2020/madanalysis5/tools/SampleAnalyzer/Commons/DataFormat/EventFormat.h:33,
                 from /home/jhkim/MAschool2020/madanalysis5/tools/SampleAnalyzer/Interfaces/fastjet/ClusterAlgoFastJet.h:30,
                 from /home/jhkim/MAschool2020/madanalysis5/tools/SampleAnalyzer/Interfaces/fastjet/ClusterAlgoPlugin.h:30,
                 from /home/jhkim/MAschool2020/madanalysis5/tools/SampleAnalyzer/Interfaces/fastjet/ClusterAlgoCDFMidpoint.h:30,
                 from fastjet/ClusterAlgoCDFMidpoint.cpp:26:
/usr/include/c++/7/bits/unique_ptr.h:51:28: note: declared here
   template<typename> class auto_ptr;
                            ^~~~~~~~
In file included from fastjet/ClusterAlgoGridJet.cpp:29:0:
/home/jhkim/MAschool2020/madanalysis5/tools/fastjet/include/fastjet/ClusterSequence.hh:372:44: warning: ‘template<class> class std::auto_ptr’ is deprecated [-Wdeprecated-declarations]
   inline void plugin_associate_extras(std::auto_ptr<Extras> extras_in){
                                            ^~~~~~~~
In file included from /usr/include/c++/7/bits/locale_conv.h:41:0,
                 from /usr/include/c++/7/locale:43,
                 from /usr/include/c++/7/iomanip:43,
                 from /home/jhkim/MAschool2020/madanalysis5/tools/SampleAnalyzer/Commons/DataFormat/EventFormat.h:33,
                 from /home/jhkim/MAschool2020/madanalysis5/tools/SampleAnalyzer/Interfaces/fastjet/ClusterAlgoFastJet.h:30,
                 from /home/jhkim/MAschool2020/madanalysis5/tools/SampleAnalyzer/Interfaces/fastjet/ClusterAlgoPlugin.h:30,
                 from /home/jhkim/MAschool2020/madanalysis5/tools/SampleAnalyzer/Interfaces/fastjet/ClusterAlgoGridJet.h:30,
                 from fastjet/ClusterAlgoGridJet.cpp:26:
/usr/include/c++/7/bits/unique_ptr.h:51:28: note: declared here
   template<typename> class auto_ptr;
                            ^~~~~~~~
In file included from fastjet/ClusterAlgoStandard.cpp:29:0:
/home/jhkim/MAschool2020/madanalysis5/tools/fastjet/include/fastjet/ClusterSequence.hh:372:44: warning: ‘template<class> class std::auto_ptr’ is deprecated [-Wdeprecated-declarations]
   inline void plugin_associate_extras(std::auto_ptr<Extras> extras_in){
                                            ^~~~~~~~
In file included from /usr/include/c++/7/bits/locale_conv.h:41:0,
                 from /usr/include/c++/7/locale:43,
                 from /usr/include/c++/7/iomanip:43,
                 from /home/jhkim/MAschool2020/madanalysis5/tools/SampleAnalyzer/Commons/DataFormat/EventFormat.h:33,
                 from /home/jhkim/MAschool2020/madanalysis5/tools/SampleAnalyzer/Interfaces/fastjet/ClusterAlgoFastJet.h:30,
                 from /home/jhkim/MAschool2020/madanalysis5/tools/SampleAnalyzer/Interfaces/fastjet/ClusterAlgoStandard.h:30,
                 from fastjet/ClusterAlgoStandard.cpp:26:
/usr/include/c++/7/bits/unique_ptr.h:51:28: note: declared here
   template<typename> class auto_ptr;
                            ^~~~~~~~
In file included from fastjet/ClusterAlgoCDFJetClu.cpp:29:0:
/home/jhkim/MAschool2020/madanalysis5/tools/fastjet/include/fastjet/ClusterSequence.hh:372:44: warning: ‘template<class> class std::auto_ptr’ is deprecated [-Wdeprecated-declarations]
   inline void plugin_associate_extras(std::auto_ptr<Extras> extras_in){
                                            ^~~~~~~~
In file included from /usr/include/c++/7/bits/locale_conv.h:41:0,
                 from /usr/include/c++/7/locale:43,
                 from /usr/include/c++/7/iomanip:43,
                 from /home/jhkim/MAschool2020/madanalysis5/tools/SampleAnalyzer/Commons/DataFormat/EventFormat.h:33,
                 from /home/jhkim/MAschool2020/madanalysis5/tools/SampleAnalyzer/Interfaces/fastjet/ClusterAlgoFastJet.h:30,
                 from /home/jhkim/MAschool2020/madanalysis5/tools/SampleAnalyzer/Interfaces/fastjet/ClusterAlgoPlugin.h:30,
                 from /home/jhkim/MAschool2020/madanalysis5/tools/SampleAnalyzer/Interfaces/fastjet/ClusterAlgoCDFJetClu.h:30,
                 from fastjet/ClusterAlgoCDFJetClu.cpp:26:
/usr/include/c++/7/bits/unique_ptr.h:51:28: note: declared here
   template<typename> class auto_ptr;
                            ^~~~~~~~
In file included from fastjet/ClusterAlgoSISCone.cpp:29:0:
/home/jhkim/MAschool2020/madanalysis5/tools/fastjet/include/fastjet/ClusterSequence.hh:372:44: warning: ‘template<class> class std::auto_ptr’ is deprecated [-Wdeprecated-declarations]
   inline void plugin_associate_extras(std::auto_ptr<Extras> extras_in){
                                            ^~~~~~~~
In file included from /usr/include/c++/7/bits/locale_conv.h:41:0,
                 from /usr/include/c++/7/locale:43,
                 from /usr/include/c++/7/iomanip:43,
                 from /home/jhkim/MAschool2020/madanalysis5/tools/SampleAnalyzer/Commons/DataFormat/EventFormat.h:33,
                 from /home/jhkim/MAschool2020/madanalysis5/tools/SampleAnalyzer/Interfaces/fastjet/ClusterAlgoFastJet.h:30,
                 from /home/jhkim/MAschool2020/madanalysis5/tools/SampleAnalyzer/Interfaces/fastjet/ClusterAlgoPlugin.h:30,
                 from /home/jhkim/MAschool2020/madanalysis5/tools/SampleAnalyzer/Interfaces/fastjet/ClusterAlgoSISCone.h:30,
                 from fastjet/ClusterAlgoSISCone.cpp:26:
/usr/include/c++/7/bits/unique_ptr.h:51:28: note: declared here
   template<typename> class auto_ptr;
                            ^~~~~~~~
In file included from fastjet/ClusterAlgoFastJet.cpp:32:0:
/home/jhkim/MAschool2020/madanalysis5/tools/fastjet/include/fastjet/ClusterSequence.hh:372:44: warning: ‘template<class> class std::auto_ptr’ is deprecated [-Wdeprecated-declarations]
   inline void plugin_associate_extras(std::auto_ptr<Extras> extras_in){
                                            ^~~~~~~~
In file included from /usr/include/c++/7/bits/locale_conv.h:41:0,
                 from /usr/include/c++/7/locale:43,
                 from /usr/include/c++/7/iomanip:43,
                 from /home/jhkim/MAschool2020/madanalysis5/tools/SampleAnalyzer/Commons/DataFormat/EventFormat.h:33,
                 from /home/jhkim/MAschool2020/madanalysis5/tools/SampleAnalyzer/Interfaces/fastjet/ClusterAlgoFastJet.h:30,
                 from fastjet/ClusterAlgoFastJet.cpp:26:
/usr/include/c++/7/bits/unique_ptr.h:51:28: note: declared here
   template<typename> class auto_ptr;
                            ^~~~~~~~
